2023-07-04 10:28:45,293 - MMSA [INFO] - train samples: (1284,)
2023-07-04 10:28:45,820 - MMSA [INFO] - valid samples: (229,)
2023-07-04 10:28:46,292 - MMSA [INFO] - test samples: (686,)
2023-07-04 10:46:44,430 - MMSA [INFO] - train samples: (1284,)
2023-07-04 10:46:44,938 - MMSA [INFO] - valid samples: (229,)
2023-07-04 10:46:45,482 - MMSA [INFO] - test samples: (686,)
2023-07-04 10:52:49,674 - MMSA [INFO] - train samples: (1284,)
2023-07-04 10:52:50,172 - MMSA [INFO] - valid samples: (229,)
2023-07-04 10:52:50,722 - MMSA [INFO] - test samples: (686,)
2023-07-04 10:53:44,362 - MMSA [INFO] - >> Epoch: 1 TRAIN-(dmd) [1/1/1] >> total_loss: 10.7033  Acc_2: 0.5435  F1_score: 0.4527  Acc_7: 0.1963  MAE: 1.3314 
2023-07-04 10:53:47,277 - MMSA [INFO] - VAL-(dmd) >>  Acc_2: 0.5741  F1_score: 0.4187  Acc_7: 0.2140  MAE: 1.4207  Loss: 1.4343 
2023-07-04 10:53:52,950 - MMSA [INFO] - TEST-(dmd) >>  Acc_2: 0.4223  F1_score: 0.2507  Acc_7: 0.1545  MAE: 1.4731  Loss: 1.4731 
2023-07-04 10:54:38,949 - MMSA [INFO] - >> Epoch: 2 TRAIN-(dmd) [1/2/1] >> total_loss: 9.1958  Acc_2: 0.5548  F1_score: 0.4037  Acc_7: 0.1955  MAE: 1.2839 
2023-07-04 10:54:40,886 - MMSA [INFO] - VAL-(dmd) >>  Acc_2: 0.5880  F1_score: 0.4703  Acc_7: 0.2096  MAE: 1.3388  Loss: 1.3607 
2023-07-04 10:54:45,930 - MMSA [INFO] - TEST-(dmd) >>  Acc_2: 0.4573  F1_score: 0.3232  Acc_7: 0.1545  MAE: 1.3677  Loss: 1.3678 
2023-07-04 10:55:48,650 - MMSA [INFO] - >> Epoch: 3 TRAIN-(dmd) [1/3/1] >> total_loss: 8.1078  Acc_2: 0.6515  F1_score: 0.5949  Acc_7: 0.2313  MAE: 1.1627 
2023-07-04 10:55:51,707 - MMSA [INFO] - VAL-(dmd) >>  Acc_2: 0.8472  F1_score: 0.8477  Acc_7: 0.2838  MAE: 1.1577  Loss: 1.1407 
2023-07-04 10:55:57,157 - MMSA [INFO] - TEST-(dmd) >>  Acc_2: 0.8598  F1_score: 0.8601  Acc_7: 0.2230  MAE: 1.1907  Loss: 1.1906 
2023-07-04 10:56:42,705 - MMSA [INFO] - >> Epoch: 4 TRAIN-(dmd) [1/4/1] >> total_loss: 7.1235  Acc_2: 0.8587  F1_score: 0.8563  Acc_7: 0.2804  MAE: 0.9758 
2023-07-04 10:56:45,545 - MMSA [INFO] - VAL-(dmd) >>  Acc_2: 0.8472  F1_score: 0.8463  Acc_7: 0.2926  MAE: 1.0285  Loss: 1.0152 
2023-07-04 10:56:51,938 - MMSA [INFO] - TEST-(dmd) >>  Acc_2: 0.8247  F1_score: 0.8258  Acc_7: 0.2449  MAE: 1.0616  Loss: 1.0615 
2023-07-04 10:57:35,302 - MMSA [INFO] - >> Epoch: 5 TRAIN-(dmd) [1/5/1] >> total_loss: 6.4305  Acc_2: 0.9261  F1_score: 0.9260  Acc_7: 0.3357  MAE: 0.7602 
2023-07-04 10:57:37,320 - MMSA [INFO] - VAL-(dmd) >>  Acc_2: 0.8472  F1_score: 0.8463  Acc_7: 0.3668  MAE: 0.8929  Loss: 0.8982 
2023-07-04 10:57:41,984 - MMSA [INFO] - TEST-(dmd) >>  Acc_2: 0.8323  F1_score: 0.8333  Acc_7: 0.3819  MAE: 0.8741  Loss: 0.8741 
2023-07-04 10:58:25,712 - MMSA [INFO] - >> Epoch: 6 TRAIN-(dmd) [1/6/1] >> total_loss: 5.8082  Acc_2: 0.9561  F1_score: 0.9561  Acc_7: 0.5156  MAE: 0.5325 
2023-07-04 10:58:28,394 - MMSA [INFO] - VAL-(dmd) >>  Acc_2: 0.8287  F1_score: 0.8294  Acc_7: 0.3886  MAE: 0.8355  Loss: 0.8411 
2023-07-04 10:58:35,161 - MMSA [INFO] - TEST-(dmd) >>  Acc_2: 0.8476  F1_score: 0.8472  Acc_7: 0.4504  MAE: 0.7542  Loss: 0.7538 
2023-07-04 10:59:21,934 - MMSA [INFO] - >> Epoch: 7 TRAIN-(dmd) [1/7/1] >> total_loss: 5.344  Acc_2: 0.9529  F1_score: 0.9530  Acc_7: 0.6137  MAE: 0.4018 
2023-07-04 10:59:24,044 - MMSA [INFO] - VAL-(dmd) >>  Acc_2: 0.8611  F1_score: 0.8616  Acc_7: 0.3886  MAE: 0.7993  Loss: 0.7851 
2023-07-04 10:59:28,927 - MMSA [INFO] - TEST-(dmd) >>  Acc_2: 0.8613  F1_score: 0.8604  Acc_7: 0.4461  MAE: 0.7410  Loss: 0.7405 
2023-07-04 11:00:12,552 - MMSA [INFO] - >> Epoch: 8 TRAIN-(dmd) [1/8/1] >> total_loss: 5.0681  Acc_2: 0.9569  F1_score: 0.9570  Acc_7: 0.6636  MAE: 0.3555 
2023-07-04 11:00:15,065 - MMSA [INFO] - VAL-(dmd) >>  Acc_2: 0.8519  F1_score: 0.8520  Acc_7: 0.4454  MAE: 0.7596  Loss: 0.7497 
2023-07-04 11:00:21,607 - MMSA [INFO] - TEST-(dmd) >>  Acc_2: 0.8567  F1_score: 0.8568  Acc_7: 0.4563  MAE: 0.7402  Loss: 0.7403 
2023-07-04 11:01:08,616 - MMSA [INFO] - >> Epoch: 9 TRAIN-(dmd) [1/9/1] >> total_loss: 4.8529  Acc_2: 0.9708  F1_score: 0.9708  Acc_7: 0.7173  MAE: 0.3194 
2023-07-04 11:01:10,709 - MMSA [INFO] - VAL-(dmd) >>  Acc_2: 0.8611  F1_score: 0.8613  Acc_7: 0.4323  MAE: 0.7505  Loss: 0.7444 
2023-07-04 11:01:15,429 - MMSA [INFO] - TEST-(dmd) >>  Acc_2: 0.8552  F1_score: 0.8552  Acc_7: 0.4402  MAE: 0.7458  Loss: 0.7454 
2023-07-04 11:02:02,170 - MMSA [INFO] - >> Epoch: 10 TRAIN-(dmd) [1/10/1] >> total_loss: 4.6958  Acc_2: 0.9764  F1_score: 0.9764  Acc_7: 0.7375  MAE: 0.2884 
2023-07-04 11:02:05,487 - MMSA [INFO] - VAL-(dmd) >>  Acc_2: 0.8472  F1_score: 0.8475  Acc_7: 0.4323  MAE: 0.7446  Loss: 0.7279 
2023-07-04 11:02:11,723 - MMSA [INFO] - TEST-(dmd) >>  Acc_2: 0.8582  F1_score: 0.8583  Acc_7: 0.4606  MAE: 0.7100  Loss: 0.7111 
2023-07-04 11:03:22,486 - MMSA [INFO] - >> Epoch: 11 TRAIN-(dmd) [1/11/1] >> total_loss: 4.5227  Acc_2: 0.9821  F1_score: 0.9821  Acc_7: 0.7313  MAE: 0.2641 
2023-07-04 11:03:24,563 - MMSA [INFO] - VAL-(dmd) >>  Acc_2: 0.8611  F1_score: 0.8616  Acc_7: 0.4061  MAE: 0.7639  Loss: 0.7500 
2023-07-04 11:03:29,522 - MMSA [INFO] - TEST-(dmd) >>  Acc_2: 0.8598  F1_score: 0.8590  Acc_7: 0.4650  MAE: 0.6776  Loss: 0.6775 
2023-07-04 11:04:14,070 - MMSA [INFO] - >> Epoch: 12 TRAIN-(dmd) [2/12/1] >> total_loss: 4.4058  Acc_2: 0.9789  F1_score: 0.9789  Acc_7: 0.7422  MAE: 0.2624 
2023-07-04 11:04:17,136 - MMSA [INFO] - VAL-(dmd) >>  Acc_2: 0.8565  F1_score: 0.8564  Acc_7: 0.4367  MAE: 0.7380  Loss: 0.7544 
2023-07-04 11:04:23,253 - MMSA [INFO] - TEST-(dmd) >>  Acc_2: 0.8460  F1_score: 0.8463  Acc_7: 0.4650  MAE: 0.7027  Loss: 0.7026 
2023-07-04 11:05:04,538 - MMSA [INFO] - >> Epoch: 13 TRAIN-(dmd) [3/13/1] >> total_loss: 4.3543  Acc_2: 0.9821  F1_score: 0.9821  Acc_7: 0.7702  MAE: 0.2464 
2023-07-04 11:05:06,621 - MMSA [INFO] - VAL-(dmd) >>  Acc_2: 0.8657  F1_score: 0.8658  Acc_7: 0.4236  MAE: 0.7393  Loss: 0.7259 
2023-07-04 11:05:11,393 - MMSA [INFO] - TEST-(dmd) >>  Acc_2: 0.8445  F1_score: 0.8447  Acc_7: 0.4373  MAE: 0.7253  Loss: 0.7248 
2023-07-04 11:05:56,255 - MMSA [INFO] - >> Epoch: 14 TRAIN-(dmd) [1/14/1] >> total_loss: 4.2566  Acc_2: 0.9797  F1_score: 0.9797  Acc_7: 0.7578  MAE: 0.2494 
2023-07-04 11:05:59,029 - MMSA [INFO] - VAL-(dmd) >>  Acc_2: 0.8657  F1_score: 0.8663  Acc_7: 0.4279  MAE: 0.7392  Loss: 0.7322 
2023-07-04 11:06:06,025 - MMSA [INFO] - TEST-(dmd) >>  Acc_2: 0.8506  F1_score: 0.8499  Acc_7: 0.4534  MAE: 0.7027  Loss: 0.7035 
2023-07-04 11:07:00,308 - MMSA [INFO] - >> Epoch: 15 TRAIN-(dmd) [2/15/1] >> total_loss: 4.205  Acc_2: 0.9813  F1_score: 0.9813  Acc_7: 0.7710  MAE: 0.2340 
2023-07-04 11:07:05,277 - MMSA [INFO] - VAL-(dmd) >>  Acc_2: 0.8611  F1_score: 0.8613  Acc_7: 0.4279  MAE: 0.7173  Loss: 0.7046 
2023-07-04 11:07:24,722 - MMSA [INFO] - TEST-(dmd) >>  Acc_2: 0.8384  F1_score: 0.8389  Acc_7: 0.4650  MAE: 0.7255  Loss: 0.7249 
2023-07-04 11:08:16,429 - MMSA [INFO] - >> Epoch: 16 TRAIN-(dmd) [1/16/1] >> total_loss: 4.1082  Acc_2: 0.9829  F1_score: 0.9830  Acc_7: 0.7726  MAE: 0.2206 
2023-07-04 11:08:18,565 - MMSA [INFO] - VAL-(dmd) >>  Acc_2: 0.8611  F1_score: 0.8609  Acc_7: 0.4498  MAE: 0.7174  Loss: 0.7081 
2023-07-04 11:08:24,571 - MMSA [INFO] - TEST-(dmd) >>  Acc_2: 0.8399  F1_score: 0.8405  Acc_7: 0.4636  MAE: 0.7161  Loss: 0.7162 
2023-07-04 11:09:05,083 - MMSA [INFO] - >> Epoch: 17 TRAIN-(dmd) [2/17/1] >> total_loss: 4.0074  Acc_2: 0.9805  F1_score: 0.9805  Acc_7: 0.7741  MAE: 0.2087 
2023-07-04 11:09:08,058 - MMSA [INFO] - VAL-(dmd) >>  Acc_2: 0.8565  F1_score: 0.8566  Acc_7: 0.4585  MAE: 0.7166  Loss: 0.7235 
2023-07-04 11:09:14,121 - MMSA [INFO] - TEST-(dmd) >>  Acc_2: 0.8430  F1_score: 0.8429  Acc_7: 0.4752  MAE: 0.7035  Loss: 0.7029 
2023-07-04 11:10:02,614 - MMSA [INFO] - >> Epoch: 18 TRAIN-(dmd) [3/18/1] >> total_loss: 3.9163  Acc_2: 0.9805  F1_score: 0.9805  Acc_7: 0.7967  MAE: 0.2014 
2023-07-04 11:10:04,731 - MMSA [INFO] - VAL-(dmd) >>  Acc_2: 0.8519  F1_score: 0.8519  Acc_7: 0.4410  MAE: 0.7053  Loss: 0.6915 
2023-07-04 11:10:10,281 - MMSA [INFO] - TEST-(dmd) >>  Acc_2: 0.8338  F1_score: 0.8342  Acc_7: 0.4708  MAE: 0.7044  Loss: 0.7049 
2023-07-04 11:10:56,266 - MMSA [INFO] - >> Epoch: 19 TRAIN-(dmd) [1/19/1] >> total_loss: 3.8725  Acc_2: 0.9813  F1_score: 0.9813  Acc_7: 0.8069  MAE: 0.1959 
2023-07-04 11:10:58,897 - MMSA [INFO] - VAL-(dmd) >>  Acc_2: 0.8611  F1_score: 0.8616  Acc_7: 0.4236  MAE: 0.7380  Loss: 0.7242 
2023-07-04 11:11:03,672 - MMSA [INFO] - TEST-(dmd) >>  Acc_2: 0.8613  F1_score: 0.8601  Acc_7: 0.4490  MAE: 0.7055  Loss: 0.7055 
2023-07-04 11:11:44,367 - MMSA [INFO] - >> Epoch: 20 TRAIN-(dmd) [2/20/1] >> total_loss: 3.8255  Acc_2: 0.9886  F1_score: 0.9886  Acc_7: 0.8014  MAE: 0.1940 
2023-07-04 11:11:46,477 - MMSA [INFO] - VAL-(dmd) >>  Acc_2: 0.8472  F1_score: 0.8475  Acc_7: 0.4454  MAE: 0.7226  Loss: 0.7399 
2023-07-04 11:11:51,867 - MMSA [INFO] - TEST-(dmd) >>  Acc_2: 0.8415  F1_score: 0.8415  Acc_7: 0.4548  MAE: 0.7171  Loss: 0.7181 
2023-07-04 11:12:41,628 - MMSA [INFO] - >> Epoch: 21 TRAIN-(dmd) [3/21/1] >> total_loss: 3.7401  Acc_2: 0.9878  F1_score: 0.9878  Acc_7: 0.8107  MAE: 0.1788 
2023-07-04 11:12:43,941 - MMSA [INFO] - VAL-(dmd) >>  Acc_2: 0.8519  F1_score: 0.8519  Acc_7: 0.4585  MAE: 0.7112  Loss: 0.7000 
2023-07-04 11:12:48,711 - MMSA [INFO] - TEST-(dmd) >>  Acc_2: 0.8445  F1_score: 0.8446  Acc_7: 0.4723  MAE: 0.7094  Loss: 0.7094 
2023-07-04 11:13:29,879 - MMSA [INFO] - >> Epoch: 22 TRAIN-(dmd) [4/22/1] >> total_loss: 3.6969  Acc_2: 0.9911  F1_score: 0.9911  Acc_7: 0.8131  MAE: 0.1754 
2023-07-04 11:13:32,014 - MMSA [INFO] - VAL-(dmd) >>  Acc_2: 0.8472  F1_score: 0.8473  Acc_7: 0.4410  MAE: 0.7171  Loss: 0.7136 
2023-07-04 11:13:37,731 - MMSA [INFO] - TEST-(dmd) >>  Acc_2: 0.8460  F1_score: 0.8460  Acc_7: 0.4606  MAE: 0.7079  Loss: 0.7081 
2023-07-04 11:14:19,393 - MMSA [INFO] - >> Epoch: 23 TRAIN-(dmd) [5/23/1] >> total_loss: 3.5846  Acc_2: 0.9886  F1_score: 0.9886  Acc_7: 0.8442  MAE: 0.1591 
2023-07-04 11:14:25,976 - MMSA [INFO] - VAL-(dmd) >>  Acc_2: 0.8472  F1_score: 0.8471  Acc_7: 0.4585  MAE: 0.7033  Loss: 0.7129 
2023-07-04 11:14:33,129 - MMSA [INFO] - TEST-(dmd) >>  Acc_2: 0.8415  F1_score: 0.8417  Acc_7: 0.4475  MAE: 0.7158  Loss: 0.7154 
2023-07-04 11:15:14,650 - MMSA [INFO] - >> Epoch: 24 TRAIN-(dmd) [6/24/1] >> total_loss: 3.5512  Acc_2: 0.9943  F1_score: 0.9943  Acc_7: 0.8240  MAE: 0.1540 
2023-07-04 11:15:16,719 - MMSA [INFO] - VAL-(dmd) >>  Acc_2: 0.8611  F1_score: 0.8613  Acc_7: 0.4498  MAE: 0.7070  Loss: 0.6904 
2023-07-04 11:15:22,479 - MMSA [INFO] - TEST-(dmd) >>  Acc_2: 0.8491  F1_score: 0.8491  Acc_7: 0.4577  MAE: 0.7088  Loss: 0.7090 
2023-07-04 11:16:12,774 - MMSA [INFO] - >> Epoch: 25 TRAIN-(dmd) [1/25/1] >> total_loss: 3.4609  Acc_2: 0.9935  F1_score: 0.9935  Acc_7: 0.8606  MAE: 0.1477 
2023-07-04 11:16:14,835 - MMSA [INFO] - VAL-(dmd) >>  Acc_2: 0.8472  F1_score: 0.8471  Acc_7: 0.4716  MAE: 0.7055  Loss: 0.6879 
2023-07-04 11:16:19,561 - MMSA [INFO] - TEST-(dmd) >>  Acc_2: 0.8460  F1_score: 0.8460  Acc_7: 0.4504  MAE: 0.7135  Loss: 0.7132 
2023-07-04 11:17:13,188 - MMSA [INFO] - >> Epoch: 26 TRAIN-(dmd) [1/26/1] >> total_loss: 3.4667  Acc_2: 0.9903  F1_score: 0.9903  Acc_7: 0.8512  MAE: 0.1489 
2023-07-04 11:17:15,271 - MMSA [INFO] - VAL-(dmd) >>  Acc_2: 0.8565  F1_score: 0.8564  Acc_7: 0.4585  MAE: 0.7056  Loss: 0.7032 
2023-07-04 11:17:19,965 - MMSA [INFO] - TEST-(dmd) >>  Acc_2: 0.8430  F1_score: 0.8429  Acc_7: 0.4431  MAE: 0.7253  Loss: 0.7248 
2023-07-04 11:18:05,043 - MMSA [INFO] - >> Epoch: 27 TRAIN-(dmd) [2/27/1] >> total_loss: 3.4257  Acc_2: 0.9951  F1_score: 0.9951  Acc_7: 0.8466  MAE: 0.1485 
2023-07-04 11:18:07,756 - MMSA [INFO] - VAL-(dmd) >>  Acc_2: 0.8657  F1_score: 0.8660  Acc_7: 0.4236  MAE: 0.7148  Loss: 0.7106 
2023-07-04 11:18:14,895 - MMSA [INFO] - TEST-(dmd) >>  Acc_2: 0.8491  F1_score: 0.8485  Acc_7: 0.4431  MAE: 0.7151  Loss: 0.7145 
2023-07-04 11:25:22,594 - MMSA [INFO] - train samples: (1284,)
2023-07-04 11:25:23,120 - MMSA [INFO] - valid samples: (229,)
2023-07-04 11:25:23,610 - MMSA [INFO] - test samples: (686,)
2023-07-04 11:26:17,513 - MMSA [INFO] - TEST-(dmd) >>  Acc_2: 0.8780  F1_score: 0.8768  Acc_7: 0.4636  MAE: 0.7035  Loss: 0.7038 
2023-07-16 17:57:59,348 - MMSA [INFO] - train samples: (1284,)
2023-07-16 17:58:00,047 - MMSA [INFO] - valid samples: (229,)
2023-07-16 17:58:00,505 - MMSA [INFO] - test samples: (686,)
2023-07-16 17:58:47,488 - MMSA [INFO] - TEST-(dmd) >>  Acc_2: 0.8780  F1_score: 0.8768  Acc_7: 0.4636  MAE: 0.7035  Loss: 0.7038 
2023-07-16 17:59:19,832 - MMSA [INFO] - train samples: (1284,)
2023-07-16 17:59:20,249 - MMSA [INFO] - valid samples: (229,)
2023-07-16 17:59:20,703 - MMSA [INFO] - test samples: (686,)
2023-07-16 18:00:06,545 - MMSA [INFO] - >> Epoch: 1 TRAIN-(dmd) [1/1/1] >> total_loss: 10.7033  Acc_2: 0.5435  F1_score: 0.4527  Acc_7: 0.1963  MAE: 1.3314 
2023-07-16 18:00:08,280 - MMSA [INFO] - VAL-(dmd) >>  Acc_2: 0.5741  F1_score: 0.4187  Acc_7: 0.2140  MAE: 1.4207  Loss: 1.4343 
2023-07-16 18:00:13,352 - MMSA [INFO] - TEST-(dmd) >>  Acc_2: 0.4223  F1_score: 0.2507  Acc_7: 0.1545  MAE: 1.4731  Loss: 1.4731 
2023-07-16 18:01:06,072 - MMSA [INFO] - >> Epoch: 2 TRAIN-(dmd) [1/2/1] >> total_loss: 9.1958  Acc_2: 0.5548  F1_score: 0.4037  Acc_7: 0.1955  MAE: 1.2839 
2023-07-16 18:01:07,853 - MMSA [INFO] - VAL-(dmd) >>  Acc_2: 0.5880  F1_score: 0.4703  Acc_7: 0.2096  MAE: 1.3388  Loss: 1.3607 
2023-07-16 18:01:12,674 - MMSA [INFO] - TEST-(dmd) >>  Acc_2: 0.4573  F1_score: 0.3232  Acc_7: 0.1545  MAE: 1.3677  Loss: 1.3678 
2023-07-16 18:02:02,636 - MMSA [INFO] - >> Epoch: 3 TRAIN-(dmd) [1/3/1] >> total_loss: 8.1078  Acc_2: 0.6515  F1_score: 0.5949  Acc_7: 0.2313  MAE: 1.1627 
2023-07-16 18:02:04,574 - MMSA [INFO] - VAL-(dmd) >>  Acc_2: 0.8472  F1_score: 0.8477  Acc_7: 0.2838  MAE: 1.1577  Loss: 1.1407 
2023-07-16 18:02:09,048 - MMSA [INFO] - TEST-(dmd) >>  Acc_2: 0.8598  F1_score: 0.8601  Acc_7: 0.2230  MAE: 1.1907  Loss: 1.1906 
2023-07-16 18:03:05,908 - MMSA [INFO] - >> Epoch: 4 TRAIN-(dmd) [1/4/1] >> total_loss: 7.1235  Acc_2: 0.8587  F1_score: 0.8563  Acc_7: 0.2804  MAE: 0.9758 
2023-07-16 18:03:07,750 - MMSA [INFO] - VAL-(dmd) >>  Acc_2: 0.8472  F1_score: 0.8463  Acc_7: 0.2926  MAE: 1.0285  Loss: 1.0152 
2023-07-16 18:03:12,156 - MMSA [INFO] - TEST-(dmd) >>  Acc_2: 0.8247  F1_score: 0.8258  Acc_7: 0.2449  MAE: 1.0616  Loss: 1.0615 
2023-07-16 18:04:02,415 - MMSA [INFO] - >> Epoch: 5 TRAIN-(dmd) [1/5/1] >> total_loss: 6.4305  Acc_2: 0.9261  F1_score: 0.9260  Acc_7: 0.3357  MAE: 0.7602 
2023-07-16 18:04:04,843 - MMSA [INFO] - VAL-(dmd) >>  Acc_2: 0.8472  F1_score: 0.8463  Acc_7: 0.3668  MAE: 0.8929  Loss: 0.8982 
2023-07-16 18:04:09,834 - MMSA [INFO] - TEST-(dmd) >>  Acc_2: 0.8323  F1_score: 0.8333  Acc_7: 0.3819  MAE: 0.8741  Loss: 0.8741 
2023-07-16 18:04:58,210 - MMSA [INFO] - >> Epoch: 6 TRAIN-(dmd) [1/6/1] >> total_loss: 5.8082  Acc_2: 0.9561  F1_score: 0.9561  Acc_7: 0.5156  MAE: 0.5325 
2023-07-16 18:05:00,037 - MMSA [INFO] - VAL-(dmd) >>  Acc_2: 0.8287  F1_score: 0.8294  Acc_7: 0.3886  MAE: 0.8355  Loss: 0.8411 
2023-07-16 18:05:04,959 - MMSA [INFO] - TEST-(dmd) >>  Acc_2: 0.8476  F1_score: 0.8472  Acc_7: 0.4504  MAE: 0.7542  Loss: 0.7538 
2023-07-16 18:05:52,618 - MMSA [INFO] - >> Epoch: 7 TRAIN-(dmd) [1/7/1] >> total_loss: 5.344  Acc_2: 0.9529  F1_score: 0.9530  Acc_7: 0.6137  MAE: 0.4018 
2023-07-16 18:05:55,160 - MMSA [INFO] - VAL-(dmd) >>  Acc_2: 0.8611  F1_score: 0.8616  Acc_7: 0.3886  MAE: 0.7993  Loss: 0.7851 
2023-07-16 18:05:59,657 - MMSA [INFO] - TEST-(dmd) >>  Acc_2: 0.8613  F1_score: 0.8604  Acc_7: 0.4461  MAE: 0.7410  Loss: 0.7405 
2023-07-16 18:06:50,251 - MMSA [INFO] - >> Epoch: 8 TRAIN-(dmd) [1/8/1] >> total_loss: 5.0681  Acc_2: 0.9569  F1_score: 0.9570  Acc_7: 0.6636  MAE: 0.3555 
2023-07-16 18:06:52,462 - MMSA [INFO] - VAL-(dmd) >>  Acc_2: 0.8519  F1_score: 0.8520  Acc_7: 0.4454  MAE: 0.7596  Loss: 0.7497 
2023-07-16 18:06:57,971 - MMSA [INFO] - TEST-(dmd) >>  Acc_2: 0.8567  F1_score: 0.8568  Acc_7: 0.4563  MAE: 0.7402  Loss: 0.7403 
2023-07-16 18:07:49,646 - MMSA [INFO] - >> Epoch: 9 TRAIN-(dmd) [1/9/1] >> total_loss: 4.8529  Acc_2: 0.9708  F1_score: 0.9708  Acc_7: 0.7173  MAE: 0.3194 
2023-07-16 18:07:52,082 - MMSA [INFO] - VAL-(dmd) >>  Acc_2: 0.8611  F1_score: 0.8613  Acc_7: 0.4323  MAE: 0.7505  Loss: 0.7444 
2023-07-16 18:07:57,127 - MMSA [INFO] - TEST-(dmd) >>  Acc_2: 0.8552  F1_score: 0.8552  Acc_7: 0.4402  MAE: 0.7458  Loss: 0.7454 
2023-07-16 18:08:45,120 - MMSA [INFO] - >> Epoch: 10 TRAIN-(dmd) [1/10/1] >> total_loss: 4.6958  Acc_2: 0.9764  F1_score: 0.9764  Acc_7: 0.7375  MAE: 0.2884 
2023-07-16 18:08:46,988 - MMSA [INFO] - VAL-(dmd) >>  Acc_2: 0.8472  F1_score: 0.8475  Acc_7: 0.4323  MAE: 0.7446  Loss: 0.7279 
2023-07-16 18:08:52,303 - MMSA [INFO] - TEST-(dmd) >>  Acc_2: 0.8582  F1_score: 0.8583  Acc_7: 0.4606  MAE: 0.7100  Loss: 0.7111 
2023-07-16 18:09:38,699 - MMSA [INFO] - >> Epoch: 11 TRAIN-(dmd) [1/11/1] >> total_loss: 4.5227  Acc_2: 0.9821  F1_score: 0.9821  Acc_7: 0.7313  MAE: 0.2641 
2023-07-16 18:09:40,558 - MMSA [INFO] - VAL-(dmd) >>  Acc_2: 0.8611  F1_score: 0.8616  Acc_7: 0.4061  MAE: 0.7639  Loss: 0.7500 
2023-07-16 18:09:44,961 - MMSA [INFO] - TEST-(dmd) >>  Acc_2: 0.8598  F1_score: 0.8590  Acc_7: 0.4650  MAE: 0.6776  Loss: 0.6775 
2023-07-16 18:10:29,168 - MMSA [INFO] - >> Epoch: 12 TRAIN-(dmd) [2/12/1] >> total_loss: 4.4058  Acc_2: 0.9789  F1_score: 0.9789  Acc_7: 0.7422  MAE: 0.2624 
2023-07-16 18:10:31,211 - MMSA [INFO] - VAL-(dmd) >>  Acc_2: 0.8565  F1_score: 0.8564  Acc_7: 0.4367  MAE: 0.7380  Loss: 0.7544 
2023-07-16 18:10:36,627 - MMSA [INFO] - TEST-(dmd) >>  Acc_2: 0.8460  F1_score: 0.8463  Acc_7: 0.4650  MAE: 0.7027  Loss: 0.7026 
2023-07-16 18:11:17,140 - MMSA [INFO] - >> Epoch: 13 TRAIN-(dmd) [3/13/1] >> total_loss: 4.3543  Acc_2: 0.9821  F1_score: 0.9821  Acc_7: 0.7702  MAE: 0.2464 
2023-07-16 18:11:19,502 - MMSA [INFO] - VAL-(dmd) >>  Acc_2: 0.8657  F1_score: 0.8658  Acc_7: 0.4236  MAE: 0.7393  Loss: 0.7259 
2023-07-16 18:11:23,963 - MMSA [INFO] - TEST-(dmd) >>  Acc_2: 0.8445  F1_score: 0.8447  Acc_7: 0.4373  MAE: 0.7253  Loss: 0.7248 
2023-07-16 18:12:17,258 - MMSA [INFO] - >> Epoch: 14 TRAIN-(dmd) [1/14/1] >> total_loss: 4.2566  Acc_2: 0.9797  F1_score: 0.9797  Acc_7: 0.7578  MAE: 0.2494 
2023-07-16 18:12:19,109 - MMSA [INFO] - VAL-(dmd) >>  Acc_2: 0.8657  F1_score: 0.8663  Acc_7: 0.4279  MAE: 0.7392  Loss: 0.7322 
2023-07-16 18:12:23,508 - MMSA [INFO] - TEST-(dmd) >>  Acc_2: 0.8506  F1_score: 0.8499  Acc_7: 0.4534  MAE: 0.7027  Loss: 0.7035 
2023-07-16 18:13:10,039 - MMSA [INFO] - >> Epoch: 15 TRAIN-(dmd) [2/15/1] >> total_loss: 4.205  Acc_2: 0.9813  F1_score: 0.9813  Acc_7: 0.7710  MAE: 0.2340 
2023-07-16 18:13:12,273 - MMSA [INFO] - VAL-(dmd) >>  Acc_2: 0.8611  F1_score: 0.8613  Acc_7: 0.4279  MAE: 0.7173  Loss: 0.7046 
2023-07-16 18:13:17,482 - MMSA [INFO] - TEST-(dmd) >>  Acc_2: 0.8384  F1_score: 0.8389  Acc_7: 0.4650  MAE: 0.7255  Loss: 0.7249 
2023-07-16 18:14:07,147 - MMSA [INFO] - >> Epoch: 16 TRAIN-(dmd) [1/16/1] >> total_loss: 4.1082  Acc_2: 0.9829  F1_score: 0.9830  Acc_7: 0.7726  MAE: 0.2206 
2023-07-16 18:14:09,153 - MMSA [INFO] - VAL-(dmd) >>  Acc_2: 0.8611  F1_score: 0.8609  Acc_7: 0.4498  MAE: 0.7174  Loss: 0.7081 
2023-07-16 18:14:14,878 - MMSA [INFO] - TEST-(dmd) >>  Acc_2: 0.8399  F1_score: 0.8405  Acc_7: 0.4636  MAE: 0.7161  Loss: 0.7162 
2023-07-16 18:14:59,781 - MMSA [INFO] - >> Epoch: 17 TRAIN-(dmd) [2/17/1] >> total_loss: 4.0074  Acc_2: 0.9805  F1_score: 0.9805  Acc_7: 0.7741  MAE: 0.2087 
2023-07-16 18:15:01,711 - MMSA [INFO] - VAL-(dmd) >>  Acc_2: 0.8565  F1_score: 0.8566  Acc_7: 0.4585  MAE: 0.7166  Loss: 0.7235 
2023-07-16 18:15:06,266 - MMSA [INFO] - TEST-(dmd) >>  Acc_2: 0.8430  F1_score: 0.8429  Acc_7: 0.4752  MAE: 0.7035  Loss: 0.7029 
2023-07-16 18:15:49,867 - MMSA [INFO] - train samples: (1284,)
2023-07-16 18:15:50,341 - MMSA [INFO] - valid samples: (229,)
2023-07-16 18:15:50,804 - MMSA [INFO] - test samples: (686,)
2023-07-16 18:16:14,912 - MMSA [INFO] - TEST-(dmd) >>  Acc_2: 0.8780  F1_score: 0.8768  Acc_7: 0.4636  MAE: 0.7035  Loss: 0.7038 
2023-07-17 15:23:14,540 - MMSA [INFO] - train samples: (1284,)
2023-07-17 15:23:15,742 - MMSA [INFO] - valid samples: (229,)
2023-07-17 15:23:16,230 - MMSA [INFO] - test samples: (686,)
2023-07-17 15:43:53,644 - MMSA [INFO] - train samples: (1284,)
2023-07-17 15:43:54,727 - MMSA [INFO] - valid samples: (229,)
2023-07-17 15:43:55,463 - MMSA [INFO] - test samples: (686,)
2023-07-17 15:44:53,972 - MMSA [INFO] - TEST-(dmd) >>  Acc_2: 0.8780  F1_score: 0.8768  Acc_7: 0.4636  MAE: 0.7035  Loss: 0.7038 
2023-07-17 19:13:40,235 - MMSA [INFO] - train samples: (1284,)
2023-07-17 19:13:40,904 - MMSA [INFO] - valid samples: (229,)
2023-07-17 19:13:41,346 - MMSA [INFO] - test samples: (686,)
2023-07-17 19:14:47,984 - MMSA [INFO] - >> Epoch: 1 TRAIN-(dmd) [1/1/1] >> total_loss: 10.7033  Acc_2: 0.5435  F1_score: 0.4527  Acc_7: 0.1963  MAE: 1.3314 
2023-07-17 19:14:50,137 - MMSA [INFO] - VAL-(dmd) >>  Acc_2: 0.5741  F1_score: 0.4187  Acc_7: 0.2140  MAE: 1.4207  Loss: 1.4343 
2023-07-17 19:14:54,796 - MMSA [INFO] - TEST-(dmd) >>  Acc_2: 0.4223  F1_score: 0.2507  Acc_7: 0.1545  MAE: 1.4731  Loss: 1.4731 
2023-07-17 19:15:46,954 - MMSA [INFO] - >> Epoch: 2 TRAIN-(dmd) [1/2/1] >> total_loss: 9.1958  Acc_2: 0.5548  F1_score: 0.4037  Acc_7: 0.1955  MAE: 1.2839 
2023-07-17 19:15:49,150 - MMSA [INFO] - VAL-(dmd) >>  Acc_2: 0.5880  F1_score: 0.4703  Acc_7: 0.2096  MAE: 1.3388  Loss: 1.3607 
2023-07-17 19:15:53,686 - MMSA [INFO] - TEST-(dmd) >>  Acc_2: 0.4573  F1_score: 0.3232  Acc_7: 0.1545  MAE: 1.3677  Loss: 1.3678 
2023-07-17 19:16:41,215 - MMSA [INFO] - >> Epoch: 3 TRAIN-(dmd) [1/3/1] >> total_loss: 8.1078  Acc_2: 0.6515  F1_score: 0.5949  Acc_7: 0.2313  MAE: 1.1627 
2023-07-17 19:16:42,973 - MMSA [INFO] - VAL-(dmd) >>  Acc_2: 0.8472  F1_score: 0.8477  Acc_7: 0.2838  MAE: 1.1577  Loss: 1.1407 
2023-07-17 19:16:48,157 - MMSA [INFO] - TEST-(dmd) >>  Acc_2: 0.8598  F1_score: 0.8601  Acc_7: 0.2230  MAE: 1.1907  Loss: 1.1906 
2023-07-17 19:17:36,265 - MMSA [INFO] - >> Epoch: 4 TRAIN-(dmd) [1/4/1] >> total_loss: 7.1235  Acc_2: 0.8587  F1_score: 0.8563  Acc_7: 0.2804  MAE: 0.9758 
2023-07-17 19:17:38,029 - MMSA [INFO] - VAL-(dmd) >>  Acc_2: 0.8472  F1_score: 0.8463  Acc_7: 0.2926  MAE: 1.0285  Loss: 1.0152 
2023-07-17 19:17:42,338 - MMSA [INFO] - TEST-(dmd) >>  Acc_2: 0.8247  F1_score: 0.8258  Acc_7: 0.2449  MAE: 1.0616  Loss: 1.0615 
2023-07-17 19:18:26,744 - MMSA [INFO] - >> Epoch: 5 TRAIN-(dmd) [1/5/1] >> total_loss: 6.4305  Acc_2: 0.9261  F1_score: 0.9260  Acc_7: 0.3357  MAE: 0.7602 
2023-07-17 19:18:28,887 - MMSA [INFO] - VAL-(dmd) >>  Acc_2: 0.8472  F1_score: 0.8463  Acc_7: 0.3668  MAE: 0.8929  Loss: 0.8982 
2023-07-17 19:18:33,906 - MMSA [INFO] - TEST-(dmd) >>  Acc_2: 0.8323  F1_score: 0.8333  Acc_7: 0.3819  MAE: 0.8741  Loss: 0.8741 
2023-07-17 19:19:18,233 - MMSA [INFO] - >> Epoch: 6 TRAIN-(dmd) [1/6/1] >> total_loss: 5.8082  Acc_2: 0.9561  F1_score: 0.9561  Acc_7: 0.5156  MAE: 0.5325 
2023-07-17 19:19:20,023 - MMSA [INFO] - VAL-(dmd) >>  Acc_2: 0.8287  F1_score: 0.8294  Acc_7: 0.3886  MAE: 0.8355  Loss: 0.8411 
2023-07-17 19:19:24,333 - MMSA [INFO] - TEST-(dmd) >>  Acc_2: 0.8476  F1_score: 0.8472  Acc_7: 0.4504  MAE: 0.7542  Loss: 0.7538 
2023-07-17 19:20:09,858 - MMSA [INFO] - >> Epoch: 7 TRAIN-(dmd) [1/7/1] >> total_loss: 5.344  Acc_2: 0.9529  F1_score: 0.9530  Acc_7: 0.6137  MAE: 0.4018 
2023-07-17 19:20:12,010 - MMSA [INFO] - VAL-(dmd) >>  Acc_2: 0.8611  F1_score: 0.8616  Acc_7: 0.3886  MAE: 0.7993  Loss: 0.7851 
2023-07-17 19:20:17,074 - MMSA [INFO] - TEST-(dmd) >>  Acc_2: 0.8613  F1_score: 0.8604  Acc_7: 0.4461  MAE: 0.7410  Loss: 0.7405 
2023-07-17 19:21:06,905 - MMSA [INFO] - >> Epoch: 8 TRAIN-(dmd) [1/8/1] >> total_loss: 5.0681  Acc_2: 0.9569  F1_score: 0.9570  Acc_7: 0.6636  MAE: 0.3555 
2023-07-17 19:21:08,813 - MMSA [INFO] - VAL-(dmd) >>  Acc_2: 0.8519  F1_score: 0.8520  Acc_7: 0.4454  MAE: 0.7596  Loss: 0.7497 
2023-07-17 19:21:14,035 - MMSA [INFO] - TEST-(dmd) >>  Acc_2: 0.8567  F1_score: 0.8568  Acc_7: 0.4563  MAE: 0.7402  Loss: 0.7403 
2023-07-17 19:22:05,614 - MMSA [INFO] - >> Epoch: 9 TRAIN-(dmd) [1/9/1] >> total_loss: 4.8529  Acc_2: 0.9708  F1_score: 0.9708  Acc_7: 0.7173  MAE: 0.3194 
2023-07-17 19:22:07,758 - MMSA [INFO] - VAL-(dmd) >>  Acc_2: 0.8611  F1_score: 0.8613  Acc_7: 0.4323  MAE: 0.7505  Loss: 0.7444 
2023-07-17 19:22:12,777 - MMSA [INFO] - TEST-(dmd) >>  Acc_2: 0.8552  F1_score: 0.8552  Acc_7: 0.4402  MAE: 0.7458  Loss: 0.7454 
2023-07-17 19:22:59,234 - MMSA [INFO] - >> Epoch: 10 TRAIN-(dmd) [1/10/1] >> total_loss: 4.6958  Acc_2: 0.9764  F1_score: 0.9764  Acc_7: 0.7375  MAE: 0.2884 
2023-07-17 19:23:01,085 - MMSA [INFO] - VAL-(dmd) >>  Acc_2: 0.8472  F1_score: 0.8475  Acc_7: 0.4323  MAE: 0.7446  Loss: 0.7279 
2023-07-17 19:23:05,484 - MMSA [INFO] - TEST-(dmd) >>  Acc_2: 0.8582  F1_score: 0.8583  Acc_7: 0.4606  MAE: 0.7100  Loss: 0.7111 
2023-07-17 19:23:49,277 - MMSA [INFO] - >> Epoch: 11 TRAIN-(dmd) [1/11/1] >> total_loss: 4.5227  Acc_2: 0.9821  F1_score: 0.9821  Acc_7: 0.7313  MAE: 0.2641 
2023-07-17 19:23:51,602 - MMSA [INFO] - VAL-(dmd) >>  Acc_2: 0.8611  F1_score: 0.8616  Acc_7: 0.4061  MAE: 0.7639  Loss: 0.7500 
2023-07-17 19:23:56,497 - MMSA [INFO] - TEST-(dmd) >>  Acc_2: 0.8598  F1_score: 0.8590  Acc_7: 0.4650  MAE: 0.6776  Loss: 0.6775 
2023-07-17 19:24:38,221 - MMSA [INFO] - >> Epoch: 12 TRAIN-(dmd) [2/12/1] >> total_loss: 4.4058  Acc_2: 0.9789  F1_score: 0.9789  Acc_7: 0.7422  MAE: 0.2624 
2023-07-17 19:24:40,017 - MMSA [INFO] - VAL-(dmd) >>  Acc_2: 0.8565  F1_score: 0.8564  Acc_7: 0.4367  MAE: 0.7380  Loss: 0.7544 
2023-07-17 19:24:44,343 - MMSA [INFO] - TEST-(dmd) >>  Acc_2: 0.8460  F1_score: 0.8463  Acc_7: 0.4650  MAE: 0.7027  Loss: 0.7026 
2023-07-17 19:25:27,105 - MMSA [INFO] - >> Epoch: 13 TRAIN-(dmd) [3/13/1] >> total_loss: 4.3543  Acc_2: 0.9821  F1_score: 0.9821  Acc_7: 0.7702  MAE: 0.2464 
2023-07-17 19:25:28,912 - MMSA [INFO] - VAL-(dmd) >>  Acc_2: 0.8657  F1_score: 0.8658  Acc_7: 0.4236  MAE: 0.7393  Loss: 0.7259 
2023-07-17 19:25:33,876 - MMSA [INFO] - TEST-(dmd) >>  Acc_2: 0.8445  F1_score: 0.8447  Acc_7: 0.4373  MAE: 0.7253  Loss: 0.7248 
2023-07-17 19:26:20,719 - MMSA [INFO] - >> Epoch: 14 TRAIN-(dmd) [1/14/1] >> total_loss: 4.2566  Acc_2: 0.9797  F1_score: 0.9797  Acc_7: 0.7578  MAE: 0.2494 
2023-07-17 19:26:22,586 - MMSA [INFO] - VAL-(dmd) >>  Acc_2: 0.8657  F1_score: 0.8663  Acc_7: 0.4279  MAE: 0.7392  Loss: 0.7322 
2023-07-17 19:26:26,934 - MMSA [INFO] - TEST-(dmd) >>  Acc_2: 0.8506  F1_score: 0.8499  Acc_7: 0.4534  MAE: 0.7027  Loss: 0.7035 
2023-07-17 19:27:11,817 - MMSA [INFO] - >> Epoch: 15 TRAIN-(dmd) [2/15/1] >> total_loss: 4.205  Acc_2: 0.9813  F1_score: 0.9813  Acc_7: 0.7710  MAE: 0.2340 
2023-07-17 19:27:13,839 - MMSA [INFO] - VAL-(dmd) >>  Acc_2: 0.8611  F1_score: 0.8613  Acc_7: 0.4279  MAE: 0.7173  Loss: 0.7046 
2023-07-17 19:27:19,259 - MMSA [INFO] - TEST-(dmd) >>  Acc_2: 0.8384  F1_score: 0.8389  Acc_7: 0.4650  MAE: 0.7255  Loss: 0.7249 
2023-07-17 19:28:03,716 - MMSA [INFO] - >> Epoch: 16 TRAIN-(dmd) [1/16/1] >> total_loss: 4.1082  Acc_2: 0.9829  F1_score: 0.9830  Acc_7: 0.7726  MAE: 0.2206 
2023-07-17 19:28:05,536 - MMSA [INFO] - VAL-(dmd) >>  Acc_2: 0.8611  F1_score: 0.8609  Acc_7: 0.4498  MAE: 0.7174  Loss: 0.7081 
2023-07-17 19:28:09,896 - MMSA [INFO] - TEST-(dmd) >>  Acc_2: 0.8399  F1_score: 0.8405  Acc_7: 0.4636  MAE: 0.7161  Loss: 0.7162 
2023-07-17 19:28:52,309 - MMSA [INFO] - >> Epoch: 17 TRAIN-(dmd) [2/17/1] >> total_loss: 4.0074  Acc_2: 0.9805  F1_score: 0.9805  Acc_7: 0.7741  MAE: 0.2087 
2023-07-17 19:28:54,128 - MMSA [INFO] - VAL-(dmd) >>  Acc_2: 0.8565  F1_score: 0.8566  Acc_7: 0.4585  MAE: 0.7166  Loss: 0.7235 
2023-07-17 19:28:59,208 - MMSA [INFO] - TEST-(dmd) >>  Acc_2: 0.8430  F1_score: 0.8429  Acc_7: 0.4752  MAE: 0.7035  Loss: 0.7029 
2023-07-17 19:29:42,210 - MMSA [INFO] - >> Epoch: 18 TRAIN-(dmd) [3/18/1] >> total_loss: 3.9163  Acc_2: 0.9805  F1_score: 0.9805  Acc_7: 0.7967  MAE: 0.2014 
2023-07-17 19:29:44,650 - MMSA [INFO] - VAL-(dmd) >>  Acc_2: 0.8519  F1_score: 0.8519  Acc_7: 0.4410  MAE: 0.7053  Loss: 0.6915 
2023-07-17 19:29:49,083 - MMSA [INFO] - TEST-(dmd) >>  Acc_2: 0.8338  F1_score: 0.8342  Acc_7: 0.4708  MAE: 0.7044  Loss: 0.7049 
2023-07-17 19:30:38,833 - MMSA [INFO] - >> Epoch: 19 TRAIN-(dmd) [1/19/1] >> total_loss: 3.8725  Acc_2: 0.9813  F1_score: 0.9813  Acc_7: 0.8069  MAE: 0.1959 
2023-07-17 19:30:41,235 - MMSA [INFO] - VAL-(dmd) >>  Acc_2: 0.8611  F1_score: 0.8616  Acc_7: 0.4236  MAE: 0.7380  Loss: 0.7242 
2023-07-17 19:30:46,145 - MMSA [INFO] - TEST-(dmd) >>  Acc_2: 0.8613  F1_score: 0.8601  Acc_7: 0.4490  MAE: 0.7055  Loss: 0.7055 
2023-07-17 19:31:30,136 - MMSA [INFO] - >> Epoch: 20 TRAIN-(dmd) [2/20/1] >> total_loss: 3.8255  Acc_2: 0.9886  F1_score: 0.9886  Acc_7: 0.8014  MAE: 0.1940 
2023-07-17 19:31:31,972 - MMSA [INFO] - VAL-(dmd) >>  Acc_2: 0.8472  F1_score: 0.8475  Acc_7: 0.4454  MAE: 0.7226  Loss: 0.7399 
2023-07-17 19:31:36,429 - MMSA [INFO] - TEST-(dmd) >>  Acc_2: 0.8415  F1_score: 0.8415  Acc_7: 0.4548  MAE: 0.7171  Loss: 0.7181 
2023-07-17 19:32:19,749 - MMSA [INFO] - >> Epoch: 21 TRAIN-(dmd) [3/21/1] >> total_loss: 3.7401  Acc_2: 0.9878  F1_score: 0.9878  Acc_7: 0.8107  MAE: 0.1788 
2023-07-17 19:32:21,905 - MMSA [INFO] - VAL-(dmd) >>  Acc_2: 0.8519  F1_score: 0.8519  Acc_7: 0.4585  MAE: 0.7112  Loss: 0.7000 
2023-07-17 19:32:27,156 - MMSA [INFO] - TEST-(dmd) >>  Acc_2: 0.8445  F1_score: 0.8446  Acc_7: 0.4723  MAE: 0.7094  Loss: 0.7094 
2023-07-17 19:33:09,956 - MMSA [INFO] - >> Epoch: 22 TRAIN-(dmd) [4/22/1] >> total_loss: 3.6969  Acc_2: 0.9911  F1_score: 0.9911  Acc_7: 0.8131  MAE: 0.1754 
2023-07-17 19:33:11,813 - MMSA [INFO] - VAL-(dmd) >>  Acc_2: 0.8472  F1_score: 0.8473  Acc_7: 0.4410  MAE: 0.7171  Loss: 0.7136 
2023-07-17 19:33:16,238 - MMSA [INFO] - TEST-(dmd) >>  Acc_2: 0.8460  F1_score: 0.8460  Acc_7: 0.4606  MAE: 0.7079  Loss: 0.7081 
2023-07-17 19:33:59,395 - MMSA [INFO] - >> Epoch: 23 TRAIN-(dmd) [5/23/1] >> total_loss: 3.5846  Acc_2: 0.9886  F1_score: 0.9886  Acc_7: 0.8442  MAE: 0.1591 
2023-07-17 19:34:01,263 - MMSA [INFO] - VAL-(dmd) >>  Acc_2: 0.8472  F1_score: 0.8471  Acc_7: 0.4585  MAE: 0.7033  Loss: 0.7129 
2023-07-17 19:34:06,507 - MMSA [INFO] - TEST-(dmd) >>  Acc_2: 0.8415  F1_score: 0.8417  Acc_7: 0.4475  MAE: 0.7158  Loss: 0.7154 
2023-07-17 19:34:50,945 - MMSA [INFO] - >> Epoch: 24 TRAIN-(dmd) [6/24/1] >> total_loss: 3.5512  Acc_2: 0.9943  F1_score: 0.9943  Acc_7: 0.8240  MAE: 0.1540 
2023-07-17 19:34:52,968 - MMSA [INFO] - VAL-(dmd) >>  Acc_2: 0.8611  F1_score: 0.8613  Acc_7: 0.4498  MAE: 0.7070  Loss: 0.6904 
2023-07-17 19:34:57,403 - MMSA [INFO] - TEST-(dmd) >>  Acc_2: 0.8491  F1_score: 0.8491  Acc_7: 0.4577  MAE: 0.7088  Loss: 0.7090 
2023-07-17 19:35:46,997 - MMSA [INFO] - >> Epoch: 25 TRAIN-(dmd) [1/25/1] >> total_loss: 3.4609  Acc_2: 0.9935  F1_score: 0.9935  Acc_7: 0.8606  MAE: 0.1477 
2023-07-17 19:35:49,405 - MMSA [INFO] - VAL-(dmd) >>  Acc_2: 0.8472  F1_score: 0.8471  Acc_7: 0.4716  MAE: 0.7055  Loss: 0.6879 
2023-07-17 19:35:54,130 - MMSA [INFO] - TEST-(dmd) >>  Acc_2: 0.8460  F1_score: 0.8460  Acc_7: 0.4504  MAE: 0.7135  Loss: 0.7132 
2023-07-17 19:36:42,665 - MMSA [INFO] - >> Epoch: 26 TRAIN-(dmd) [1/26/1] >> total_loss: 3.4667  Acc_2: 0.9903  F1_score: 0.9903  Acc_7: 0.8512  MAE: 0.1489 
2023-07-17 19:36:44,775 - MMSA [INFO] - VAL-(dmd) >>  Acc_2: 0.8565  F1_score: 0.8564  Acc_7: 0.4585  MAE: 0.7056  Loss: 0.7032 
2023-07-17 19:36:50,085 - MMSA [INFO] - TEST-(dmd) >>  Acc_2: 0.8430  F1_score: 0.8429  Acc_7: 0.4431  MAE: 0.7253  Loss: 0.7248 
2023-07-17 19:37:34,498 - MMSA [INFO] - >> Epoch: 27 TRAIN-(dmd) [2/27/1] >> total_loss: 3.4257  Acc_2: 0.9951  F1_score: 0.9951  Acc_7: 0.8466  MAE: 0.1485 
2023-07-17 19:37:36,429 - MMSA [INFO] - VAL-(dmd) >>  Acc_2: 0.8657  F1_score: 0.8660  Acc_7: 0.4236  MAE: 0.7148  Loss: 0.7106 
2023-07-17 19:37:40,860 - MMSA [INFO] - TEST-(dmd) >>  Acc_2: 0.8491  F1_score: 0.8485  Acc_7: 0.4431  MAE: 0.7151  Loss: 0.7145 
2023-07-17 19:38:31,938 - MMSA [INFO] - >> Epoch: 28 TRAIN-(dmd) [3/28/1] >> total_loss: 3.4249  Acc_2: 0.9927  F1_score: 0.9927  Acc_7: 0.8614  MAE: 0.1427 
2023-07-17 19:38:33,814 - MMSA [INFO] - VAL-(dmd) >>  Acc_2: 0.8426  F1_score: 0.8421  Acc_7: 0.4629  MAE: 0.7232  Loss: 0.7150 
2023-07-17 19:38:38,331 - MMSA [INFO] - TEST-(dmd) >>  Acc_2: 0.8399  F1_score: 0.8404  Acc_7: 0.4534  MAE: 0.7532  Loss: 0.7538 
2023-07-17 19:39:16,789 - MMSA [INFO] - >> Epoch: 29 TRAIN-(dmd) [4/29/1] >> total_loss: 3.3966  Acc_2: 0.9911  F1_score: 0.9911  Acc_7: 0.8380  MAE: 0.1476 
2023-07-17 19:39:18,669 - MMSA [INFO] - VAL-(dmd) >>  Acc_2: 0.8380  F1_score: 0.8376  Acc_7: 0.4410  MAE: 0.7197  Loss: 0.7034 
2023-07-17 19:39:23,150 - MMSA [INFO] - TEST-(dmd) >>  Acc_2: 0.8384  F1_score: 0.8388  Acc_7: 0.4475  MAE: 0.7390  Loss: 0.7398 
2023-07-17 19:40:02,068 - MMSA [INFO] - >> Epoch: 30 TRAIN-(dmd) [5/30/1] >> total_loss: 3.3919  Acc_2: 0.9935  F1_score: 0.9935  Acc_7: 0.8614  MAE: 0.1503 
2023-07-17 19:40:03,948 - MMSA [INFO] - VAL-(dmd) >>  Acc_2: 0.8472  F1_score: 0.8469  Acc_7: 0.4629  MAE: 0.7015  Loss: 0.7000 
2023-07-17 19:40:08,427 - MMSA [INFO] - TEST-(dmd) >>  Acc_2: 0.8399  F1_score: 0.8401  Acc_7: 0.4519  MAE: 0.7162  Loss: 0.7156 
2023-07-17 19:40:46,891 - MMSA [INFO] - >> Epoch: 31 TRAIN-(dmd) [6/31/1] >> total_loss: 3.3587  Acc_2: 0.9878  F1_score: 0.9878  Acc_7: 0.8660  MAE: 0.1470 
2023-07-17 19:40:48,743 - MMSA [INFO] - VAL-(dmd) >>  Acc_2: 0.8472  F1_score: 0.8473  Acc_7: 0.4410  MAE: 0.7215  Loss: 0.7140 
2023-07-17 19:40:53,476 - MMSA [INFO] - TEST-(dmd) >>  Acc_2: 0.8430  F1_score: 0.8421  Acc_7: 0.4621  MAE: 0.7106  Loss: 0.7116 
2023-07-17 19:41:32,874 - MMSA [INFO] - >> Epoch: 32 TRAIN-(dmd) [7/32/1] >> total_loss: 3.3358  Acc_2: 0.9903  F1_score: 0.9903  Acc_7: 0.8489  MAE: 0.1467 
2023-07-17 19:41:34,751 - MMSA [INFO] - VAL-(dmd) >>  Acc_2: 0.8472  F1_score: 0.8473  Acc_7: 0.4585  MAE: 0.7080  Loss: 0.6972 
2023-07-17 19:41:39,975 - MMSA [INFO] - TEST-(dmd) >>  Acc_2: 0.8354  F1_score: 0.8355  Acc_7: 0.4592  MAE: 0.7141  Loss: 0.7147 
2023-07-17 19:42:18,156 - MMSA [INFO] - >> Epoch: 33 TRAIN-(dmd) [8/33/1] >> total_loss: 3.2142  Acc_2: 0.9951  F1_score: 0.9951  Acc_7: 0.8723  MAE: 0.1254 
2023-07-17 19:42:20,048 - MMSA [INFO] - VAL-(dmd) >>  Acc_2: 0.8426  F1_score: 0.8421  Acc_7: 0.4367  MAE: 0.7083  Loss: 0.6935 
2023-07-17 19:42:25,336 - MMSA [INFO] - TEST-(dmd) >>  Acc_2: 0.8338  F1_score: 0.8343  Acc_7: 0.4504  MAE: 0.7256  Loss: 0.7254 
2023-07-17 19:43:03,943 - MMSA [INFO] - >> Epoch: 34 TRAIN-(dmd) [9/34/1] >> total_loss: 3.1742  Acc_2: 0.9959  F1_score: 0.9959  Acc_7: 0.8816  MAE: 0.1236 
2023-07-17 19:43:05,844 - MMSA [INFO] - VAL-(dmd) >>  Acc_2: 0.8565  F1_score: 0.8566  Acc_7: 0.4454  MAE: 0.7103  Loss: 0.6980 
2023-07-17 19:43:11,320 - MMSA [INFO] - TEST-(dmd) >>  Acc_2: 0.8445  F1_score: 0.8444  Acc_7: 0.4534  MAE: 0.7190  Loss: 0.7180 
2023-07-17 19:43:49,670 - MMSA [INFO] - >> Epoch: 35 TRAIN-(dmd) [10/35/1] >> total_loss: 3.1256  Acc_2: 0.9968  F1_score: 0.9968  Acc_7: 0.8902  MAE: 0.1149 
2023-07-17 19:43:51,555 - MMSA [INFO] - VAL-(dmd) >>  Acc_2: 0.8380  F1_score: 0.8373  Acc_7: 0.4323  MAE: 0.7112  Loss: 0.7353 
2023-07-17 19:43:57,127 - MMSA [INFO] - TEST-(dmd) >>  Acc_2: 0.8384  F1_score: 0.8389  Acc_7: 0.4475  MAE: 0.7309  Loss: 0.7310 
2023-07-17 19:44:08,398 - MMSA [INFO] - TEST-(dmd) >>  Acc_2: 0.8460  F1_score: 0.8460  Acc_7: 0.4519  MAE: 0.7134  Loss: 0.7137 
2023-07-17 19:44:09,981 - MMSA [INFO] - Results saved to result/normal/mosi.csv.
2023-07-17 19:55:45,349 - MMSA [INFO] - train samples: (1284,)
2023-07-17 19:55:45,814 - MMSA [INFO] - valid samples: (229,)
2023-07-17 19:55:46,258 - MMSA [INFO] - test samples: (686,)
2023-07-17 19:56:15,195 - MMSA [INFO] - TEST-(dmd) >>  Acc_2: 0.8780  F1_score: 0.8768  Acc_7: 0.4636  MAE: 0.7035  Loss: 0.7038 
2023-07-17 19:57:43,418 - MMSA [INFO] - train samples: (1284,)
2023-07-17 19:57:43,887 - MMSA [INFO] - valid samples: (229,)
2023-07-17 19:57:44,375 - MMSA [INFO] - test samples: (686,)
2023-07-17 19:58:02,710 - MMSA [INFO] - TEST-(dmd) >>  Acc_2: 0.8780  F1_score: 0.8768  Acc_7: 0.4636  MAE: 0.7035  Loss: 0.7038 
2023-07-17 22:04:10,018 - MMSA [INFO] - train samples: (1284,)
2023-07-17 22:04:10,979 - MMSA [INFO] - valid samples: (229,)
2023-07-17 22:04:11,715 - MMSA [INFO] - test samples: (686,)
2023-07-17 22:05:26,019 - MMSA [INFO] - >> Epoch: 1 TRAIN-(dmd) [1/1/1] >> total_loss: 10.7033  Acc_2: 0.5435  F1_score: 0.4527  Acc_7: 0.1963  MAE: 1.3314 
2023-07-17 22:05:27,928 - MMSA [INFO] - VAL-(dmd) >>  Acc_2: 0.5741  F1_score: 0.4187  Acc_7: 0.2140  MAE: 1.4207  Loss: 1.4343 
2023-07-17 22:05:32,114 - MMSA [INFO] - TEST-(dmd) >>  Acc_2: 0.4223  F1_score: 0.2507  Acc_7: 0.1545  MAE: 1.4731  Loss: 1.4731 
2023-07-17 22:06:35,242 - MMSA [INFO] - >> Epoch: 2 TRAIN-(dmd) [1/2/1] >> total_loss: 9.1958  Acc_2: 0.5548  F1_score: 0.4037  Acc_7: 0.1955  MAE: 1.2839 
2023-07-17 22:06:37,480 - MMSA [INFO] - VAL-(dmd) >>  Acc_2: 0.5880  F1_score: 0.4703  Acc_7: 0.2096  MAE: 1.3388  Loss: 1.3607 
2023-07-17 22:06:41,988 - MMSA [INFO] - TEST-(dmd) >>  Acc_2: 0.4573  F1_score: 0.3232  Acc_7: 0.1545  MAE: 1.3677  Loss: 1.3678 
2023-07-17 22:07:27,086 - MMSA [INFO] - >> Epoch: 3 TRAIN-(dmd) [1/3/1] >> total_loss: 8.1078  Acc_2: 0.6515  F1_score: 0.5949  Acc_7: 0.2313  MAE: 1.1627 
2023-07-17 22:07:28,843 - MMSA [INFO] - VAL-(dmd) >>  Acc_2: 0.8472  F1_score: 0.8477  Acc_7: 0.2838  MAE: 1.1577  Loss: 1.1407 
2023-07-17 22:07:33,210 - MMSA [INFO] - TEST-(dmd) >>  Acc_2: 0.8598  F1_score: 0.8601  Acc_7: 0.2230  MAE: 1.1907  Loss: 1.1906 
2023-07-17 22:08:19,642 - MMSA [INFO] - >> Epoch: 4 TRAIN-(dmd) [1/4/1] >> total_loss: 7.1235  Acc_2: 0.8587  F1_score: 0.8563  Acc_7: 0.2804  MAE: 0.9758 
2023-07-17 22:08:21,881 - MMSA [INFO] - VAL-(dmd) >>  Acc_2: 0.8472  F1_score: 0.8463  Acc_7: 0.2926  MAE: 1.0285  Loss: 1.0152 
2023-07-17 22:08:26,164 - MMSA [INFO] - TEST-(dmd) >>  Acc_2: 0.8247  F1_score: 0.8258  Acc_7: 0.2449  MAE: 1.0616  Loss: 1.0615 
2023-07-17 22:09:11,945 - MMSA [INFO] - >> Epoch: 5 TRAIN-(dmd) [1/5/1] >> total_loss: 6.4305  Acc_2: 0.9261  F1_score: 0.9260  Acc_7: 0.3357  MAE: 0.7602 
2023-07-17 22:09:13,725 - MMSA [INFO] - VAL-(dmd) >>  Acc_2: 0.8472  F1_score: 0.8463  Acc_7: 0.3668  MAE: 0.8929  Loss: 0.8982 
2023-07-17 22:09:18,898 - MMSA [INFO] - TEST-(dmd) >>  Acc_2: 0.8323  F1_score: 0.8333  Acc_7: 0.3819  MAE: 0.8741  Loss: 0.8741 
2023-07-17 22:10:08,381 - MMSA [INFO] - >> Epoch: 6 TRAIN-(dmd) [1/6/1] >> total_loss: 5.8082  Acc_2: 0.9561  F1_score: 0.9561  Acc_7: 0.5156  MAE: 0.5325 
2023-07-17 22:10:10,160 - MMSA [INFO] - VAL-(dmd) >>  Acc_2: 0.8287  F1_score: 0.8294  Acc_7: 0.3886  MAE: 0.8355  Loss: 0.8411 
2023-07-17 22:10:14,488 - MMSA [INFO] - TEST-(dmd) >>  Acc_2: 0.8476  F1_score: 0.8472  Acc_7: 0.4504  MAE: 0.7542  Loss: 0.7538 
2023-07-17 22:10:59,557 - MMSA [INFO] - >> Epoch: 7 TRAIN-(dmd) [1/7/1] >> total_loss: 5.344  Acc_2: 0.9529  F1_score: 0.9530  Acc_7: 0.6137  MAE: 0.4018 
2023-07-17 22:11:01,899 - MMSA [INFO] - VAL-(dmd) >>  Acc_2: 0.8611  F1_score: 0.8616  Acc_7: 0.3886  MAE: 0.7993  Loss: 0.7851 
2023-07-17 22:11:06,744 - MMSA [INFO] - TEST-(dmd) >>  Acc_2: 0.8613  F1_score: 0.8604  Acc_7: 0.4461  MAE: 0.7410  Loss: 0.7405 
2023-07-17 22:11:58,453 - MMSA [INFO] - >> Epoch: 8 TRAIN-(dmd) [1/8/1] >> total_loss: 5.0681  Acc_2: 0.9569  F1_score: 0.9570  Acc_7: 0.6636  MAE: 0.3555 
2023-07-17 22:12:00,833 - MMSA [INFO] - VAL-(dmd) >>  Acc_2: 0.8519  F1_score: 0.8520  Acc_7: 0.4454  MAE: 0.7596  Loss: 0.7497 
2023-07-17 22:12:05,606 - MMSA [INFO] - TEST-(dmd) >>  Acc_2: 0.8567  F1_score: 0.8568  Acc_7: 0.4563  MAE: 0.7402  Loss: 0.7403 
2023-07-17 22:12:57,516 - MMSA [INFO] - >> Epoch: 9 TRAIN-(dmd) [1/9/1] >> total_loss: 4.8529  Acc_2: 0.9708  F1_score: 0.9708  Acc_7: 0.7173  MAE: 0.3194 
2023-07-17 22:12:59,906 - MMSA [INFO] - VAL-(dmd) >>  Acc_2: 0.8611  F1_score: 0.8613  Acc_7: 0.4323  MAE: 0.7505  Loss: 0.7444 
2023-07-17 22:13:04,434 - MMSA [INFO] - TEST-(dmd) >>  Acc_2: 0.8552  F1_score: 0.8552  Acc_7: 0.4402  MAE: 0.7458  Loss: 0.7454 
2023-07-17 22:13:54,104 - MMSA [INFO] - >> Epoch: 10 TRAIN-(dmd) [1/10/1] >> total_loss: 4.6958  Acc_2: 0.9764  F1_score: 0.9764  Acc_7: 0.7375  MAE: 0.2884 
2023-07-17 22:13:56,294 - MMSA [INFO] - VAL-(dmd) >>  Acc_2: 0.8472  F1_score: 0.8475  Acc_7: 0.4323  MAE: 0.7446  Loss: 0.7279 
2023-07-17 22:14:01,376 - MMSA [INFO] - TEST-(dmd) >>  Acc_2: 0.8582  F1_score: 0.8583  Acc_7: 0.4606  MAE: 0.7100  Loss: 0.7111 
2023-07-17 22:14:47,488 - MMSA [INFO] - >> Epoch: 11 TRAIN-(dmd) [1/11/1] >> total_loss: 4.5227  Acc_2: 0.9821  F1_score: 0.9821  Acc_7: 0.7313  MAE: 0.2641 
2023-07-17 22:14:49,371 - MMSA [INFO] - VAL-(dmd) >>  Acc_2: 0.8611  F1_score: 0.8616  Acc_7: 0.4061  MAE: 0.7639  Loss: 0.7500 
2023-07-17 22:14:53,765 - MMSA [INFO] - TEST-(dmd) >>  Acc_2: 0.8598  F1_score: 0.8590  Acc_7: 0.4650  MAE: 0.6776  Loss: 0.6775 
2023-07-17 22:15:37,083 - MMSA [INFO] - >> Epoch: 12 TRAIN-(dmd) [2/12/1] >> total_loss: 4.4058  Acc_2: 0.9789  F1_score: 0.9789  Acc_7: 0.7422  MAE: 0.2624 
2023-07-17 22:15:39,223 - MMSA [INFO] - VAL-(dmd) >>  Acc_2: 0.8565  F1_score: 0.8564  Acc_7: 0.4367  MAE: 0.7380  Loss: 0.7544 
2023-07-17 22:15:44,353 - MMSA [INFO] - TEST-(dmd) >>  Acc_2: 0.8460  F1_score: 0.8463  Acc_7: 0.4650  MAE: 0.7027  Loss: 0.7026 
2023-07-17 22:16:29,971 - MMSA [INFO] - >> Epoch: 13 TRAIN-(dmd) [3/13/1] >> total_loss: 4.3543  Acc_2: 0.9821  F1_score: 0.9821  Acc_7: 0.7702  MAE: 0.2464 
2023-07-17 22:16:31,824 - MMSA [INFO] - VAL-(dmd) >>  Acc_2: 0.8657  F1_score: 0.8658  Acc_7: 0.4236  MAE: 0.7393  Loss: 0.7259 
2023-07-17 22:16:36,208 - MMSA [INFO] - TEST-(dmd) >>  Acc_2: 0.8445  F1_score: 0.8447  Acc_7: 0.4373  MAE: 0.7253  Loss: 0.7248 
2023-07-17 22:17:21,270 - MMSA [INFO] - >> Epoch: 14 TRAIN-(dmd) [1/14/1] >> total_loss: 4.2566  Acc_2: 0.9797  F1_score: 0.9797  Acc_7: 0.7578  MAE: 0.2494 
2023-07-17 22:17:23,664 - MMSA [INFO] - VAL-(dmd) >>  Acc_2: 0.8657  F1_score: 0.8663  Acc_7: 0.4279  MAE: 0.7392  Loss: 0.7322 
2023-07-17 22:17:28,510 - MMSA [INFO] - TEST-(dmd) >>  Acc_2: 0.8506  F1_score: 0.8499  Acc_7: 0.4534  MAE: 0.7027  Loss: 0.7035 
2023-07-17 22:18:13,840 - MMSA [INFO] - >> Epoch: 15 TRAIN-(dmd) [2/15/1] >> total_loss: 4.205  Acc_2: 0.9813  F1_score: 0.9813  Acc_7: 0.7710  MAE: 0.2340 
2023-07-17 22:18:15,691 - MMSA [INFO] - VAL-(dmd) >>  Acc_2: 0.8611  F1_score: 0.8613  Acc_7: 0.4279  MAE: 0.7173  Loss: 0.7046 
2023-07-17 22:18:20,440 - MMSA [INFO] - TEST-(dmd) >>  Acc_2: 0.8384  F1_score: 0.8389  Acc_7: 0.4650  MAE: 0.7255  Loss: 0.7249 
2023-07-17 22:19:11,028 - MMSA [INFO] - >> Epoch: 16 TRAIN-(dmd) [1/16/1] >> total_loss: 4.1082  Acc_2: 0.9829  F1_score: 0.9830  Acc_7: 0.7726  MAE: 0.2206 
2023-07-17 22:19:12,870 - MMSA [INFO] - VAL-(dmd) >>  Acc_2: 0.8611  F1_score: 0.8609  Acc_7: 0.4498  MAE: 0.7174  Loss: 0.7081 
2023-07-17 22:19:17,277 - MMSA [INFO] - TEST-(dmd) >>  Acc_2: 0.8399  F1_score: 0.8405  Acc_7: 0.4636  MAE: 0.7161  Loss: 0.7162 
2023-07-17 22:20:00,099 - MMSA [INFO] - >> Epoch: 17 TRAIN-(dmd) [2/17/1] >> total_loss: 4.0074  Acc_2: 0.9805  F1_score: 0.9805  Acc_7: 0.7741  MAE: 0.2087 
2023-07-17 22:20:01,954 - MMSA [INFO] - VAL-(dmd) >>  Acc_2: 0.8565  F1_score: 0.8566  Acc_7: 0.4585  MAE: 0.7166  Loss: 0.7235 
2023-07-17 22:20:07,459 - MMSA [INFO] - TEST-(dmd) >>  Acc_2: 0.8430  F1_score: 0.8429  Acc_7: 0.4752  MAE: 0.7035  Loss: 0.7029 
2023-07-17 22:20:49,630 - MMSA [INFO] - >> Epoch: 18 TRAIN-(dmd) [3/18/1] >> total_loss: 3.9163  Acc_2: 0.9805  F1_score: 0.9805  Acc_7: 0.7967  MAE: 0.2014 
2023-07-17 22:20:51,954 - MMSA [INFO] - VAL-(dmd) >>  Acc_2: 0.8519  F1_score: 0.8519  Acc_7: 0.4410  MAE: 0.7053  Loss: 0.6915 
2023-07-17 22:20:56,384 - MMSA [INFO] - TEST-(dmd) >>  Acc_2: 0.8338  F1_score: 0.8342  Acc_7: 0.4708  MAE: 0.7044  Loss: 0.7049 
2023-07-17 22:21:43,403 - MMSA [INFO] - >> Epoch: 19 TRAIN-(dmd) [1/19/1] >> total_loss: 3.8725  Acc_2: 0.9813  F1_score: 0.9813  Acc_7: 0.8069  MAE: 0.1959 
2023-07-17 22:21:45,257 - MMSA [INFO] - VAL-(dmd) >>  Acc_2: 0.8611  F1_score: 0.8616  Acc_7: 0.4236  MAE: 0.7380  Loss: 0.7242 
2023-07-17 22:21:50,736 - MMSA [INFO] - TEST-(dmd) >>  Acc_2: 0.8613  F1_score: 0.8601  Acc_7: 0.4490  MAE: 0.7055  Loss: 0.7055 
2023-07-17 22:22:34,231 - MMSA [INFO] - >> Epoch: 20 TRAIN-(dmd) [2/20/1] >> total_loss: 3.8255  Acc_2: 0.9886  F1_score: 0.9886  Acc_7: 0.8014  MAE: 0.1940 
2023-07-17 22:22:36,317 - MMSA [INFO] - VAL-(dmd) >>  Acc_2: 0.8472  F1_score: 0.8475  Acc_7: 0.4454  MAE: 0.7226  Loss: 0.7399 
2023-07-17 22:22:40,723 - MMSA [INFO] - TEST-(dmd) >>  Acc_2: 0.8415  F1_score: 0.8415  Acc_7: 0.4548  MAE: 0.7171  Loss: 0.7181 
2023-07-17 22:23:24,717 - MMSA [INFO] - >> Epoch: 21 TRAIN-(dmd) [3/21/1] >> total_loss: 3.7401  Acc_2: 0.9878  F1_score: 0.9878  Acc_7: 0.8107  MAE: 0.1788 
2023-07-17 22:23:26,559 - MMSA [INFO] - VAL-(dmd) >>  Acc_2: 0.8519  F1_score: 0.8519  Acc_7: 0.4585  MAE: 0.7112  Loss: 0.7000 
2023-07-17 22:23:31,530 - MMSA [INFO] - TEST-(dmd) >>  Acc_2: 0.8445  F1_score: 0.8446  Acc_7: 0.4723  MAE: 0.7094  Loss: 0.7094 
2023-07-17 22:24:13,725 - MMSA [INFO] - >> Epoch: 22 TRAIN-(dmd) [4/22/1] >> total_loss: 3.6969  Acc_2: 0.9911  F1_score: 0.9911  Acc_7: 0.8131  MAE: 0.1754 
2023-07-17 22:24:16,140 - MMSA [INFO] - VAL-(dmd) >>  Acc_2: 0.8472  F1_score: 0.8473  Acc_7: 0.4410  MAE: 0.7171  Loss: 0.7136 
2023-07-17 22:24:21,003 - MMSA [INFO] - TEST-(dmd) >>  Acc_2: 0.8460  F1_score: 0.8460  Acc_7: 0.4606  MAE: 0.7079  Loss: 0.7081 
2023-07-17 22:25:05,766 - MMSA [INFO] - >> Epoch: 23 TRAIN-(dmd) [5/23/1] >> total_loss: 3.5846  Acc_2: 0.9886  F1_score: 0.9886  Acc_7: 0.8442  MAE: 0.1591 
2023-07-17 22:25:07,643 - MMSA [INFO] - VAL-(dmd) >>  Acc_2: 0.8472  F1_score: 0.8471  Acc_7: 0.4585  MAE: 0.7033  Loss: 0.7129 
2023-07-17 22:25:12,327 - MMSA [INFO] - TEST-(dmd) >>  Acc_2: 0.8415  F1_score: 0.8417  Acc_7: 0.4475  MAE: 0.7158  Loss: 0.7154 
2023-07-17 22:25:54,236 - MMSA [INFO] - >> Epoch: 24 TRAIN-(dmd) [6/24/1] >> total_loss: 3.5512  Acc_2: 0.9943  F1_score: 0.9943  Acc_7: 0.8240  MAE: 0.1540 
2023-07-17 22:25:56,414 - MMSA [INFO] - VAL-(dmd) >>  Acc_2: 0.8611  F1_score: 0.8613  Acc_7: 0.4498  MAE: 0.7070  Loss: 0.6904 
2023-07-17 22:26:01,689 - MMSA [INFO] - TEST-(dmd) >>  Acc_2: 0.8491  F1_score: 0.8491  Acc_7: 0.4577  MAE: 0.7088  Loss: 0.7090 
2023-07-17 22:26:52,272 - MMSA [INFO] - >> Epoch: 25 TRAIN-(dmd) [1/25/1] >> total_loss: 3.4609  Acc_2: 0.9935  F1_score: 0.9935  Acc_7: 0.8606  MAE: 0.1477 
2023-07-17 22:26:54,276 - MMSA [INFO] - VAL-(dmd) >>  Acc_2: 0.8472  F1_score: 0.8471  Acc_7: 0.4716  MAE: 0.7055  Loss: 0.6879 
2023-07-17 22:26:59,657 - MMSA [INFO] - TEST-(dmd) >>  Acc_2: 0.8460  F1_score: 0.8460  Acc_7: 0.4504  MAE: 0.7135  Loss: 0.7132 
2023-07-17 22:27:53,000 - MMSA [INFO] - >> Epoch: 26 TRAIN-(dmd) [1/26/1] >> total_loss: 3.4667  Acc_2: 0.9903  F1_score: 0.9903  Acc_7: 0.8512  MAE: 0.1489 
2023-07-17 22:27:55,470 - MMSA [INFO] - VAL-(dmd) >>  Acc_2: 0.8565  F1_score: 0.8564  Acc_7: 0.4585  MAE: 0.7056  Loss: 0.7032 
2023-07-17 22:28:00,458 - MMSA [INFO] - TEST-(dmd) >>  Acc_2: 0.8430  F1_score: 0.8429  Acc_7: 0.4431  MAE: 0.7253  Loss: 0.7248 
2023-07-17 22:28:47,286 - MMSA [INFO] - >> Epoch: 27 TRAIN-(dmd) [2/27/1] >> total_loss: 3.4257  Acc_2: 0.9951  F1_score: 0.9951  Acc_7: 0.8466  MAE: 0.1485 
2023-07-17 22:28:49,182 - MMSA [INFO] - VAL-(dmd) >>  Acc_2: 0.8657  F1_score: 0.8660  Acc_7: 0.4236  MAE: 0.7148  Loss: 0.7106 
2023-07-17 22:28:54,285 - MMSA [INFO] - TEST-(dmd) >>  Acc_2: 0.8491  F1_score: 0.8485  Acc_7: 0.4431  MAE: 0.7151  Loss: 0.7145 
2023-07-17 22:29:38,759 - MMSA [INFO] - >> Epoch: 28 TRAIN-(dmd) [3/28/1] >> total_loss: 3.4249  Acc_2: 0.9927  F1_score: 0.9927  Acc_7: 0.8614  MAE: 0.1427 
2023-07-17 22:29:41,132 - MMSA [INFO] - VAL-(dmd) >>  Acc_2: 0.8426  F1_score: 0.8421  Acc_7: 0.4629  MAE: 0.7232  Loss: 0.7150 
2023-07-17 22:29:45,613 - MMSA [INFO] - TEST-(dmd) >>  Acc_2: 0.8399  F1_score: 0.8404  Acc_7: 0.4534  MAE: 0.7532  Loss: 0.7538 
2023-07-17 22:30:29,374 - MMSA [INFO] - >> Epoch: 29 TRAIN-(dmd) [4/29/1] >> total_loss: 3.3966  Acc_2: 0.9911  F1_score: 0.9911  Acc_7: 0.8380  MAE: 0.1476 
2023-07-17 22:30:31,263 - MMSA [INFO] - VAL-(dmd) >>  Acc_2: 0.8380  F1_score: 0.8376  Acc_7: 0.4410  MAE: 0.7197  Loss: 0.7034 
2023-07-17 22:30:36,136 - MMSA [INFO] - TEST-(dmd) >>  Acc_2: 0.8384  F1_score: 0.8388  Acc_7: 0.4475  MAE: 0.7390  Loss: 0.7398 
2023-07-17 22:31:20,325 - MMSA [INFO] - >> Epoch: 30 TRAIN-(dmd) [5/30/1] >> total_loss: 3.3919  Acc_2: 0.9935  F1_score: 0.9935  Acc_7: 0.8614  MAE: 0.1503 
2023-07-17 22:31:22,856 - MMSA [INFO] - VAL-(dmd) >>  Acc_2: 0.8472  F1_score: 0.8469  Acc_7: 0.4629  MAE: 0.7015  Loss: 0.7000 
2023-07-17 22:31:27,438 - MMSA [INFO] - TEST-(dmd) >>  Acc_2: 0.8399  F1_score: 0.8401  Acc_7: 0.4519  MAE: 0.7162  Loss: 0.7156 
2023-07-17 22:32:11,054 - MMSA [INFO] - >> Epoch: 31 TRAIN-(dmd) [6/31/1] >> total_loss: 3.3587  Acc_2: 0.9878  F1_score: 0.9878  Acc_7: 0.8660  MAE: 0.1470 
2023-07-17 22:32:12,951 - MMSA [INFO] - VAL-(dmd) >>  Acc_2: 0.8472  F1_score: 0.8473  Acc_7: 0.4410  MAE: 0.7215  Loss: 0.7140 
2023-07-17 22:32:17,490 - MMSA [INFO] - TEST-(dmd) >>  Acc_2: 0.8430  F1_score: 0.8421  Acc_7: 0.4621  MAE: 0.7106  Loss: 0.7116 
2023-07-17 22:33:01,151 - MMSA [INFO] - >> Epoch: 32 TRAIN-(dmd) [7/32/1] >> total_loss: 3.3358  Acc_2: 0.9903  F1_score: 0.9903  Acc_7: 0.8489  MAE: 0.1467 
2023-07-17 22:33:03,516 - MMSA [INFO] - VAL-(dmd) >>  Acc_2: 0.8472  F1_score: 0.8473  Acc_7: 0.4585  MAE: 0.7080  Loss: 0.6972 
2023-07-17 22:33:08,668 - MMSA [INFO] - TEST-(dmd) >>  Acc_2: 0.8354  F1_score: 0.8355  Acc_7: 0.4592  MAE: 0.7141  Loss: 0.7147 
2023-07-17 22:33:52,419 - MMSA [INFO] - >> Epoch: 33 TRAIN-(dmd) [8/33/1] >> total_loss: 3.2142  Acc_2: 0.9951  F1_score: 0.9951  Acc_7: 0.8723  MAE: 0.1254 
2023-07-17 22:33:54,354 - MMSA [INFO] - VAL-(dmd) >>  Acc_2: 0.8426  F1_score: 0.8421  Acc_7: 0.4367  MAE: 0.7083  Loss: 0.6935 
2023-07-17 22:33:58,901 - MMSA [INFO] - TEST-(dmd) >>  Acc_2: 0.8338  F1_score: 0.8343  Acc_7: 0.4504  MAE: 0.7256  Loss: 0.7254 
2023-07-17 22:34:45,248 - MMSA [INFO] - >> Epoch: 34 TRAIN-(dmd) [9/34/1] >> total_loss: 3.1742  Acc_2: 0.9959  F1_score: 0.9959  Acc_7: 0.8816  MAE: 0.1236 
2023-07-17 22:34:47,792 - MMSA [INFO] - VAL-(dmd) >>  Acc_2: 0.8565  F1_score: 0.8566  Acc_7: 0.4454  MAE: 0.7103  Loss: 0.6980 
2023-07-17 22:34:52,418 - MMSA [INFO] - TEST-(dmd) >>  Acc_2: 0.8445  F1_score: 0.8444  Acc_7: 0.4534  MAE: 0.7190  Loss: 0.7180 
2023-07-17 22:35:33,704 - MMSA [INFO] - >> Epoch: 35 TRAIN-(dmd) [10/35/1] >> total_loss: 3.1256  Acc_2: 0.9968  F1_score: 0.9968  Acc_7: 0.8902  MAE: 0.1149 
2023-07-17 22:35:35,629 - MMSA [INFO] - VAL-(dmd) >>  Acc_2: 0.8380  F1_score: 0.8373  Acc_7: 0.4323  MAE: 0.7112  Loss: 0.7353 
2023-07-17 22:35:40,149 - MMSA [INFO] - TEST-(dmd) >>  Acc_2: 0.8384  F1_score: 0.8389  Acc_7: 0.4475  MAE: 0.7309  Loss: 0.7310 
2023-07-17 22:35:58,588 - MMSA [INFO] - TEST-(dmd) >>  Acc_2: 0.8460  F1_score: 0.8460  Acc_7: 0.4519  MAE: 0.7134  Loss: 0.7137 
2023-07-17 22:36:00,965 - MMSA [INFO] - Results saved to result/normal/mosi.csv.
2023-07-18 09:51:21,808 - MMSA [INFO] - train samples: (1284,)
2023-07-18 09:51:23,083 - MMSA [INFO] - valid samples: (229,)
2023-07-18 09:51:24,019 - MMSA [INFO] - test samples: (686,)
2023-07-18 11:25:27,181 - MMSA [INFO] - train samples: (1284,)
2023-07-18 11:25:28,935 - MMSA [INFO] - valid samples: (229,)
2023-07-18 11:25:29,309 - MMSA [INFO] - test samples: (686,)
2023-07-18 11:25:41,697 - MMSA [INFO] - TEST-(dmd) >>  Acc_2: 0.8780  F1_score: 0.8768  Acc_7: 0.4636  MAE: 0.7035  Loss: 0.7038 
2023-07-18 11:26:09,037 - MMSA [INFO] - train samples: (1284,)
2023-07-18 11:26:09,457 - MMSA [INFO] - valid samples: (229,)
2023-07-18 11:26:09,912 - MMSA [INFO] - test samples: (686,)
2023-07-18 11:26:31,781 - MMSA [INFO] - TEST-(dmd) >>  Acc_2: 0.8460  F1_score: 0.8460  Acc_7: 0.4504  MAE: 0.7137  Loss: 0.7138 
2023-07-18 11:33:59,125 - MMSA [INFO] - train samples: (1284,)
2023-07-18 11:33:59,515 - MMSA [INFO] - valid samples: (229,)
2023-07-18 11:33:59,887 - MMSA [INFO] - test samples: (686,)
2023-07-18 11:34:37,778 - MMSA [INFO] - >> Epoch: 1 TRAIN-(dmd) [1/1/1] >> total_loss: 10.7034  Acc_2: 0.5435  F1_score: 0.4527  Acc_7: 0.1963  MAE: 1.3314 
2023-07-18 11:34:39,555 - MMSA [INFO] - VAL-(dmd) >>  Acc_2: 0.5741  F1_score: 0.4187  Acc_7: 0.2140  MAE: 1.4206  Loss: 1.4343 
2023-07-18 11:34:44,046 - MMSA [INFO] - TEST-(dmd) >>  Acc_2: 0.4223  F1_score: 0.2507  Acc_7: 0.1545  MAE: 1.4732  Loss: 1.4731 
2023-07-18 11:35:28,022 - MMSA [INFO] - >> Epoch: 2 TRAIN-(dmd) [1/2/1] >> total_loss: 9.2034  Acc_2: 0.5548  F1_score: 0.4037  Acc_7: 0.1947  MAE: 1.2839 
2023-07-18 11:35:29,786 - MMSA [INFO] - VAL-(dmd) >>  Acc_2: 0.5833  F1_score: 0.4610  Acc_7: 0.2096  MAE: 1.3392  Loss: 1.3611 
2023-07-18 11:35:34,295 - MMSA [INFO] - TEST-(dmd) >>  Acc_2: 0.4573  F1_score: 0.3232  Acc_7: 0.1545  MAE: 1.3681  Loss: 1.3682 
2023-07-18 11:36:17,068 - MMSA [INFO] - >> Epoch: 3 TRAIN-(dmd) [1/3/1] >> total_loss: 8.1434  Acc_2: 0.6515  F1_score: 0.5949  Acc_7: 0.2352  MAE: 1.1644 
2023-07-18 11:36:18,895 - MMSA [INFO] - VAL-(dmd) >>  Acc_2: 0.8426  F1_score: 0.8431  Acc_7: 0.2795  MAE: 1.1584  Loss: 1.1414 
2023-07-18 11:36:23,501 - MMSA [INFO] - TEST-(dmd) >>  Acc_2: 0.8598  F1_score: 0.8600  Acc_7: 0.2216  MAE: 1.1909  Loss: 1.1908 
2023-07-18 11:37:08,831 - MMSA [INFO] - >> Epoch: 4 TRAIN-(dmd) [1/4/1] >> total_loss: 7.1846  Acc_2: 0.8562  F1_score: 0.8538  Acc_7: 0.2757  MAE: 0.9800 
2023-07-18 11:37:10,639 - MMSA [INFO] - VAL-(dmd) >>  Acc_2: 0.8333  F1_score: 0.8314  Acc_7: 0.2882  MAE: 1.0267  Loss: 1.0134 
2023-07-18 11:37:15,042 - MMSA [INFO] - TEST-(dmd) >>  Acc_2: 0.8186  F1_score: 0.8197  Acc_7: 0.2332  MAE: 1.0676  Loss: 1.0676 
2023-07-18 11:38:00,251 - MMSA [INFO] - >> Epoch: 5 TRAIN-(dmd) [1/5/1] >> total_loss: 6.4995  Acc_2: 0.9212  F1_score: 0.9211  Acc_7: 0.3341  MAE: 0.7619 
2023-07-18 11:38:02,114 - MMSA [INFO] - VAL-(dmd) >>  Acc_2: 0.8287  F1_score: 0.8283  Acc_7: 0.3362  MAE: 0.9115  Loss: 0.9160 
2023-07-18 11:38:06,582 - MMSA [INFO] - TEST-(dmd) >>  Acc_2: 0.8293  F1_score: 0.8299  Acc_7: 0.3892  MAE: 0.8756  Loss: 0.8755 
2023-07-18 11:38:51,200 - MMSA [INFO] - >> Epoch: 6 TRAIN-(dmd) [1/6/1] >> total_loss: 5.8567  Acc_2: 0.9480  F1_score: 0.9480  Acc_7: 0.5070  MAE: 0.5397 
2023-07-18 11:38:53,143 - MMSA [INFO] - VAL-(dmd) >>  Acc_2: 0.8380  F1_score: 0.8383  Acc_7: 0.3668  MAE: 0.8297  Loss: 0.8320 
2023-07-18 11:38:57,699 - MMSA [INFO] - TEST-(dmd) >>  Acc_2: 0.8384  F1_score: 0.8383  Acc_7: 0.4402  MAE: 0.7652  Loss: 0.7647 
2023-07-18 11:39:44,932 - MMSA [INFO] - >> Epoch: 7 TRAIN-(dmd) [1/7/1] >> total_loss: 5.4341  Acc_2: 0.9464  F1_score: 0.9465  Acc_7: 0.5880  MAE: 0.4222 
2023-07-18 11:39:46,908 - MMSA [INFO] - VAL-(dmd) >>  Acc_2: 0.8519  F1_score: 0.8522  Acc_7: 0.3843  MAE: 0.8272  Loss: 0.8122 
2023-07-18 11:39:51,363 - MMSA [INFO] - TEST-(dmd) >>  Acc_2: 0.8491  F1_score: 0.8487  Acc_7: 0.4402  MAE: 0.7498  Loss: 0.7493 
2023-07-18 11:40:39,822 - MMSA [INFO] - >> Epoch: 8 TRAIN-(dmd) [1/8/1] >> total_loss: 5.1727  Acc_2: 0.9496  F1_score: 0.9497  Acc_7: 0.6706  MAE: 0.3708 
2023-07-18 11:40:41,663 - MMSA [INFO] - VAL-(dmd) >>  Acc_2: 0.8472  F1_score: 0.8475  Acc_7: 0.4279  MAE: 0.8102  Loss: 0.8018 
2023-07-18 11:40:46,093 - MMSA [INFO] - TEST-(dmd) >>  Acc_2: 0.8506  F1_score: 0.8505  Acc_7: 0.4402  MAE: 0.7522  Loss: 0.7524 
2023-07-18 11:41:30,526 - MMSA [INFO] - >> Epoch: 9 TRAIN-(dmd) [1/9/1] >> total_loss: 4.8936  Acc_2: 0.9643  F1_score: 0.9643  Acc_7: 0.7220  MAE: 0.3276 
2023-07-18 11:41:32,468 - MMSA [INFO] - VAL-(dmd) >>  Acc_2: 0.8519  F1_score: 0.8524  Acc_7: 0.4061  MAE: 0.7947  Loss: 0.7963 
2023-07-18 11:41:37,004 - MMSA [INFO] - TEST-(dmd) >>  Acc_2: 0.8567  F1_score: 0.8551  Acc_7: 0.4490  MAE: 0.7296  Loss: 0.7293 
2023-07-18 11:42:23,971 - MMSA [INFO] - >> Epoch: 10 TRAIN-(dmd) [1/10/1] >> total_loss: 4.7329  Acc_2: 0.9724  F1_score: 0.9724  Acc_7: 0.7414  MAE: 0.2964 
2023-07-18 11:42:25,916 - MMSA [INFO] - VAL-(dmd) >>  Acc_2: 0.8657  F1_score: 0.8661  Acc_7: 0.4279  MAE: 0.7495  Loss: 0.7255 
2023-07-18 11:42:30,439 - MMSA [INFO] - TEST-(dmd) >>  Acc_2: 0.8567  F1_score: 0.8560  Acc_7: 0.4461  MAE: 0.7126  Loss: 0.7141 
2023-07-18 11:43:15,206 - MMSA [INFO] - >> Epoch: 11 TRAIN-(dmd) [1/11/1] >> total_loss: 4.5393  Acc_2: 0.9756  F1_score: 0.9756  Acc_7: 0.7305  MAE: 0.2689 
2023-07-18 11:43:17,163 - MMSA [INFO] - VAL-(dmd) >>  Acc_2: 0.8519  F1_score: 0.8516  Acc_7: 0.4192  MAE: 0.7387  Loss: 0.7225 
2023-07-18 11:43:21,754 - MMSA [INFO] - TEST-(dmd) >>  Acc_2: 0.8521  F1_score: 0.8524  Acc_7: 0.4592  MAE: 0.7195  Loss: 0.7198 
2023-07-18 11:44:05,069 - MMSA [INFO] - >> Epoch: 12 TRAIN-(dmd) [1/12/1] >> total_loss: 4.4178  Acc_2: 0.9846  F1_score: 0.9846  Acc_7: 0.7368  MAE: 0.2654 
2023-07-18 11:44:06,936 - MMSA [INFO] - VAL-(dmd) >>  Acc_2: 0.8611  F1_score: 0.8613  Acc_7: 0.4454  MAE: 0.7324  Loss: 0.7564 
2023-07-18 11:44:11,718 - MMSA [INFO] - TEST-(dmd) >>  Acc_2: 0.8476  F1_score: 0.8477  Acc_7: 0.4431  MAE: 0.7226  Loss: 0.7222 
2023-07-18 11:44:54,497 - MMSA [INFO] - >> Epoch: 13 TRAIN-(dmd) [2/13/1] >> total_loss: 4.2583  Acc_2: 0.9821  F1_score: 0.9821  Acc_7: 0.7819  MAE: 0.2323 
2023-07-18 11:44:56,371 - MMSA [INFO] - VAL-(dmd) >>  Acc_2: 0.8519  F1_score: 0.8522  Acc_7: 0.4148  MAE: 0.7339  Loss: 0.7161 
2023-07-18 11:45:00,986 - MMSA [INFO] - TEST-(dmd) >>  Acc_2: 0.8506  F1_score: 0.8503  Acc_7: 0.4417  MAE: 0.7071  Loss: 0.7066 
2023-07-18 11:45:43,425 - MMSA [INFO] - >> Epoch: 14 TRAIN-(dmd) [1/14/1] >> total_loss: 4.1758  Acc_2: 0.9846  F1_score: 0.9846  Acc_7: 0.7874  MAE: 0.2280 
2023-07-18 11:45:45,469 - MMSA [INFO] - VAL-(dmd) >>  Acc_2: 0.8565  F1_score: 0.8566  Acc_7: 0.4279  MAE: 0.7199  Loss: 0.7186 
2023-07-18 11:45:50,026 - MMSA [INFO] - TEST-(dmd) >>  Acc_2: 0.8460  F1_score: 0.8459  Acc_7: 0.4650  MAE: 0.7222  Loss: 0.7230 
2023-07-18 11:46:35,997 - MMSA [INFO] - >> Epoch: 15 TRAIN-(dmd) [2/15/1] >> total_loss: 4.0664  Acc_2: 0.9870  F1_score: 0.9870  Acc_7: 0.7679  MAE: 0.2156 
2023-07-18 11:46:37,931 - MMSA [INFO] - VAL-(dmd) >>  Acc_2: 0.8565  F1_score: 0.8569  Acc_7: 0.4236  MAE: 0.7234  Loss: 0.7183 
2023-07-18 11:46:42,522 - MMSA [INFO] - TEST-(dmd) >>  Acc_2: 0.8537  F1_score: 0.8532  Acc_7: 0.4534  MAE: 0.7032  Loss: 0.7027 
2023-07-18 11:47:23,544 - MMSA [INFO] - >> Epoch: 16 TRAIN-(dmd) [3/16/1] >> total_loss: 4.0009  Acc_2: 0.9821  F1_score: 0.9821  Acc_7: 0.7913  MAE: 0.1996 
2023-07-18 11:47:25,432 - MMSA [INFO] - VAL-(dmd) >>  Acc_2: 0.8472  F1_score: 0.8475  Acc_7: 0.4279  MAE: 0.7206  Loss: 0.7194 
2023-07-18 11:47:30,222 - MMSA [INFO] - TEST-(dmd) >>  Acc_2: 0.8537  F1_score: 0.8536  Acc_7: 0.4490  MAE: 0.7086  Loss: 0.7083 
2023-07-18 11:48:10,770 - MMSA [INFO] - >> Epoch: 17 TRAIN-(dmd) [4/17/1] >> total_loss: 3.8896  Acc_2: 0.9878  F1_score: 0.9878  Acc_7: 0.7913  MAE: 0.1932 
2023-07-18 11:48:12,675 - MMSA [INFO] - VAL-(dmd) >>  Acc_2: 0.8519  F1_score: 0.8516  Acc_7: 0.4541  MAE: 0.7008  Loss: 0.7044 
2023-07-18 11:48:17,239 - MMSA [INFO] - TEST-(dmd) >>  Acc_2: 0.8445  F1_score: 0.8449  Acc_7: 0.4563  MAE: 0.7238  Loss: 0.7229 
2023-07-18 11:49:01,271 - MMSA [INFO] - >> Epoch: 18 TRAIN-(dmd) [1/18/1] >> total_loss: 3.8332  Acc_2: 0.9821  F1_score: 0.9821  Acc_7: 0.8217  MAE: 0.1848 
2023-07-18 11:49:03,320 - MMSA [INFO] - VAL-(dmd) >>  Acc_2: 0.8472  F1_score: 0.8463  Acc_7: 0.4323  MAE: 0.7025  Loss: 0.6812 
2023-07-18 11:49:07,916 - MMSA [INFO] - TEST-(dmd) >>  Acc_2: 0.8430  F1_score: 0.8436  Acc_7: 0.4592  MAE: 0.7331  Loss: 0.7337 
2023-07-18 11:49:50,599 - MMSA [INFO] - >> Epoch: 19 TRAIN-(dmd) [1/19/1] >> total_loss: 3.8101  Acc_2: 0.9829  F1_score: 0.9829  Acc_7: 0.8170  MAE: 0.1880 
2023-07-18 11:49:52,547 - MMSA [INFO] - VAL-(dmd) >>  Acc_2: 0.8565  F1_score: 0.8568  Acc_7: 0.4672  MAE: 0.7108  Loss: 0.7016 
2023-07-18 11:49:57,279 - MMSA [INFO] - TEST-(dmd) >>  Acc_2: 0.8476  F1_score: 0.8473  Acc_7: 0.4708  MAE: 0.7054  Loss: 0.7052 
2023-07-18 11:50:37,794 - MMSA [INFO] - >> Epoch: 20 TRAIN-(dmd) [2/20/1] >> total_loss: 3.7633  Acc_2: 0.9870  F1_score: 0.9870  Acc_7: 0.7967  MAE: 0.1802 
2023-07-18 11:50:39,720 - MMSA [INFO] - VAL-(dmd) >>  Acc_2: 0.8565  F1_score: 0.8569  Acc_7: 0.4498  MAE: 0.7219  Loss: 0.7335 
2023-07-18 11:50:44,288 - MMSA [INFO] - TEST-(dmd) >>  Acc_2: 0.8537  F1_score: 0.8528  Acc_7: 0.4650  MAE: 0.6950  Loss: 0.6959 
2023-07-18 11:51:25,740 - MMSA [INFO] - >> Epoch: 21 TRAIN-(dmd) [3/21/1] >> total_loss: 3.7236  Acc_2: 0.9903  F1_score: 0.9903  Acc_7: 0.8115  MAE: 0.1761 
2023-07-18 11:51:27,894 - MMSA [INFO] - VAL-(dmd) >>  Acc_2: 0.8611  F1_score: 0.8615  Acc_7: 0.4236  MAE: 0.7221  Loss: 0.7158 
2023-07-18 11:51:32,507 - MMSA [INFO] - TEST-(dmd) >>  Acc_2: 0.8598  F1_score: 0.8588  Acc_7: 0.4446  MAE: 0.6966  Loss: 0.6963 
2023-07-18 11:52:13,832 - MMSA [INFO] - >> Epoch: 22 TRAIN-(dmd) [4/22/1] >> total_loss: 3.729  Acc_2: 0.9813  F1_score: 0.9813  Acc_7: 0.8139  MAE: 0.1792 
2023-07-18 11:52:15,750 - MMSA [INFO] - VAL-(dmd) >>  Acc_2: 0.8519  F1_score: 0.8520  Acc_7: 0.4454  MAE: 0.7269  Loss: 0.7242 
2023-07-18 11:52:20,467 - MMSA [INFO] - TEST-(dmd) >>  Acc_2: 0.8567  F1_score: 0.8563  Acc_7: 0.4679  MAE: 0.7070  Loss: 0.7073 
2023-07-18 11:53:02,217 - MMSA [INFO] - >> Epoch: 23 TRAIN-(dmd) [5/23/1] >> total_loss: 3.6342  Acc_2: 0.9862  F1_score: 0.9862  Acc_7: 0.8318  MAE: 0.1659 
2023-07-18 11:53:04,162 - MMSA [INFO] - VAL-(dmd) >>  Acc_2: 0.8611  F1_score: 0.8613  Acc_7: 0.4498  MAE: 0.7148  Loss: 0.7203 
2023-07-18 11:53:08,830 - MMSA [INFO] - TEST-(dmd) >>  Acc_2: 0.8506  F1_score: 0.8505  Acc_7: 0.4606  MAE: 0.7032  Loss: 0.7033 
2023-07-18 11:53:52,462 - MMSA [INFO] - >> Epoch: 24 TRAIN-(dmd) [6/24/1] >> total_loss: 3.545  Acc_2: 0.9959  F1_score: 0.9959  Acc_7: 0.8310  MAE: 0.1535 
2023-07-18 11:53:54,472 - MMSA [INFO] - VAL-(dmd) >>  Acc_2: 0.8519  F1_score: 0.8516  Acc_7: 0.4629  MAE: 0.7106  Loss: 0.6953 
2023-07-18 11:53:59,066 - MMSA [INFO] - TEST-(dmd) >>  Acc_2: 0.8476  F1_score: 0.8478  Acc_7: 0.4679  MAE: 0.7084  Loss: 0.7087 
2023-07-18 11:54:40,824 - MMSA [INFO] - >> Epoch: 25 TRAIN-(dmd) [7/25/1] >> total_loss: 3.4996  Acc_2: 0.9911  F1_score: 0.9911  Acc_7: 0.8505  MAE: 0.1538 
2023-07-18 11:54:42,785 - MMSA [INFO] - VAL-(dmd) >>  Acc_2: 0.8519  F1_score: 0.8519  Acc_7: 0.4279  MAE: 0.7117  Loss: 0.6933 
2023-07-18 11:54:47,549 - MMSA [INFO] - TEST-(dmd) >>  Acc_2: 0.8460  F1_score: 0.8460  Acc_7: 0.4621  MAE: 0.7015  Loss: 0.7007 
2023-07-18 11:55:26,660 - MMSA [INFO] - >> Epoch: 26 TRAIN-(dmd) [8/26/1] >> total_loss: 3.4419  Acc_2: 0.9919  F1_score: 0.9919  Acc_7: 0.8575  MAE: 0.1432 
2023-07-18 11:55:28,620 - MMSA [INFO] - VAL-(dmd) >>  Acc_2: 0.8565  F1_score: 0.8568  Acc_7: 0.4454  MAE: 0.7132  Loss: 0.7180 
2023-07-18 11:55:33,206 - MMSA [INFO] - TEST-(dmd) >>  Acc_2: 0.8506  F1_score: 0.8504  Acc_7: 0.4650  MAE: 0.7113  Loss: 0.7106 
2023-07-18 11:56:15,488 - MMSA [INFO] - >> Epoch: 27 TRAIN-(dmd) [9/27/1] >> total_loss: 3.3679  Acc_2: 0.9943  F1_score: 0.9943  Acc_7: 0.8653  MAE: 0.1309 
2023-07-18 11:56:17,541 - MMSA [INFO] - VAL-(dmd) >>  Acc_2: 0.8565  F1_score: 0.8561  Acc_7: 0.4410  MAE: 0.7047  Loss: 0.7054 
2023-07-18 11:56:22,265 - MMSA [INFO] - TEST-(dmd) >>  Acc_2: 0.8460  F1_score: 0.8461  Acc_7: 0.4679  MAE: 0.7125  Loss: 0.7118 
2023-07-18 11:57:04,086 - MMSA [INFO] - >> Epoch: 28 TRAIN-(dmd) [10/28/1] >> total_loss: 3.3296  Acc_2: 0.9927  F1_score: 0.9927  Acc_7: 0.8769  MAE: 0.1293 
2023-07-18 11:57:06,060 - MMSA [INFO] - VAL-(dmd) >>  Acc_2: 0.8565  F1_score: 0.8568  Acc_7: 0.4585  MAE: 0.7138  Loss: 0.7134 
2023-07-18 11:57:10,778 - MMSA [INFO] - TEST-(dmd) >>  Acc_2: 0.8506  F1_score: 0.8500  Acc_7: 0.4621  MAE: 0.6981  Loss: 0.6987 
2023-07-18 11:57:23,589 - MMSA [INFO] - TEST-(dmd) >>  Acc_2: 0.8445  F1_score: 0.8452  Acc_7: 0.4563  MAE: 0.7332  Loss: 0.7342 
2023-07-18 11:57:26,384 - MMSA [INFO] - Results saved to result/normal/mosi.csv.
2023-07-18 11:59:42,891 - MMSA [INFO] - train samples: (1284,)
2023-07-18 11:59:43,322 - MMSA [INFO] - valid samples: (229,)
2023-07-18 11:59:43,759 - MMSA [INFO] - test samples: (686,)
2023-07-18 12:00:09,469 - MMSA [INFO] - TEST-(dmd) >>  Acc_2: 0.8430  F1_score: 0.8437  Acc_7: 0.4548  MAE: 0.7334  Loss: 0.7334 
